{"C:\\Users\\hp\\Desktop\\FYP\\app\\my-ai-app\\app\\_layout.tsx": {"path":"C:\\Users\\hp\\Desktop\\FYP\\app\\my-ai-app\\app\\_layout.tsx","statementMap":{"0":{"start":{"line":8,"column":28},"end":{"line":8,"column":37}},"1":{"start":{"line":9,"column":19},"end":{"line":9,"column":32}},"2":{"start":{"line":10,"column":17},"end":{"line":10,"column":28}},"3":{"start":{"line":12,"column":2},"end":{"line":25,"column":32}},"4":{"start":{"line":13,"column":4},"end":{"line":13,"column":24}},"5":{"start":{"line":13,"column":17},"end":{"line":13,"column":24}},"6":{"start":{"line":15,"column":23},"end":{"line":15,"column":46}},"7":{"start":{"line":17,"column":4},"end":{"line":24,"column":5}},"8":{"start":{"line":20,"column":6},"end":{"line":20,"column":31}},"9":{"start":{"line":21,"column":11},"end":{"line":24,"column":5}},"10":{"start":{"line":23,"column":6},"end":{"line":23,"column":26}},"11":{"start":{"line":27,"column":2},"end":{"line":33,"column":4}},"12":{"start":{"line":37,"column":2},"end":{"line":45,"column":4}}},"fnMap":{"0":{"name":"RootLayoutNav","decl":{"start":{"line":7,"column":9},"end":{"line":7,"column":22}},"loc":{"start":{"line":7,"column":25},"end":{"line":34,"column":1}},"line":7},"1":{"name":"(anonymous_1)","decl":{"start":{"line":12,"column":12},"end":{"line":12,"column":13}},"loc":{"start":{"line":12,"column":18},"end":{"line":25,"column":3}},"line":12},"2":{"name":"RootLayout","decl":{"start":{"line":36,"column":24},"end":{"line":36,"column":34}},"loc":{"start":{"line":36,"column":37},"end":{"line":46,"column":1}},"line":36}},"branchMap":{"0":{"loc":{"start":{"line":13,"column":4},"end":{"line":13,"column":24}},"type":"if","locations":[{"start":{"line":13,"column":4},"end":{"line":13,"column":24}},{"start":{},"end":{}}],"line":13},"1":{"loc":{"start":{"line":17,"column":4},"end":{"line":24,"column":5}},"type":"if","locations":[{"start":{"line":17,"column":4},"end":{"line":24,"column":5}},{"start":{"line":21,"column":11},"end":{"line":24,"column":5}}],"line":17},"2":{"loc":{"start":{"line":17,"column":8},"end":{"line":17,"column":27}},"type":"binary-expr","locations":[{"start":{"line":17,"column":8},"end":{"line":17,"column":12}},{"start":{"line":17,"column":16},"end":{"line":17,"column":27}}],"line":17},"3":{"loc":{"start":{"line":21,"column":11},"end":{"line":24,"column":5}},"type":"if","locations":[{"start":{"line":21,"column":11},"end":{"line":24,"column":5}},{"start":{},"end":{}}],"line":21},"4":{"loc":{"start":{"line":21,"column":15},"end":{"line":21,"column":34}},"type":"binary-expr","locations":[{"start":{"line":21,"column":15},"end":{"line":21,"column":20}},{"start":{"line":21,"column":24},"end":{"line":21,"column":34}}],"line":21}},"s":{"0":0,"1":0,"2":0,"3":0,"4":0,"5":0,"6":0,"7":0,"8":0,"9":0,"10":0,"11":0,"12":0},"f":{"0":0,"1":0,"2":0},"b":{"0":[0,0],"1":[0,0],"2":[0,0],"3":[0,0],"4":[0,0]}}
,"C:\\Users\\hp\\Desktop\\FYP\\app\\my-ai-app\\app\\index.tsx": {"path":"C:\\Users\\hp\\Desktop\\FYP\\app\\my-ai-app\\app\\index.tsx","statementMap":{"0":{"start":{"line":17,"column":20},"end":{"line":17,"column":41}},"1":{"start":{"line":18,"column":28},"end":{"line":18,"column":37}},"2":{"start":{"line":19,"column":19},"end":{"line":19,"column":30}},"3":{"start":{"line":21,"column":2},"end":{"line":25,"column":22}},"4":{"start":{"line":22,"column":4},"end":{"line":24,"column":5}},"5":{"start":{"line":23,"column":6},"end":{"line":23,"column":31}},"6":{"start":{"line":27,"column":2},"end":{"line":27,"column":27}},"7":{"start":{"line":27,"column":15},"end":{"line":27,"column":27}},"8":{"start":{"line":29,"column":2},"end":{"line":63,"column":3}},"9":{"start":{"line":30,"column":4},"end":{"line":62,"column":6}},"10":{"start":{"line":49,"column":27},"end":{"line":49,"column":49}},"11":{"start":{"line":56,"column":27},"end":{"line":56,"column":48}},"12":{"start":{"line":65,"column":2},"end":{"line":65,"column":28}},"13":{"start":{"line":69,"column":28},"end":{"line":69,"column":40}},"14":{"start":{"line":71,"column":2},"end":{"line":154,"column":4}},"15":{"start":{"line":96,"column":31},"end":{"line":96,"column":52}},"16":{"start":{"line":103,"column":31},"end":{"line":103,"column":53}},"17":{"start":{"line":110,"column":31},"end":{"line":110,"column":52}},"18":{"start":{"line":126,"column":34},"end":{"line":126,"column":47}},"19":{"start":{"line":143,"column":65},"end":{"line":143,"column":86}},"20":{"start":{"line":157,"column":15},"end":{"line":357,"column":2}}},"fnMap":{"0":{"name":"LandingScreen","decl":{"start":{"line":16,"column":24},"end":{"line":16,"column":37}},"loc":{"start":{"line":16,"column":40},"end":{"line":66,"column":1}},"line":16},"1":{"name":"(anonymous_1)","decl":{"start":{"line":21,"column":12},"end":{"line":21,"column":13}},"loc":{"start":{"line":21,"column":18},"end":{"line":25,"column":3}},"line":21},"2":{"name":"(anonymous_2)","decl":{"start":{"line":49,"column":21},"end":{"line":49,"column":22}},"loc":{"start":{"line":49,"column":27},"end":{"line":49,"column":49}},"line":49},"3":{"name":"(anonymous_3)","decl":{"start":{"line":56,"column":21},"end":{"line":56,"column":22}},"loc":{"start":{"line":56,"column":27},"end":{"line":56,"column":48}},"line":56},"4":{"name":"DesktopLanding","decl":{"start":{"line":68,"column":9},"end":{"line":68,"column":23}},"loc":{"start":{"line":68,"column":26},"end":{"line":155,"column":1}},"line":68},"5":{"name":"(anonymous_5)","decl":{"start":{"line":96,"column":25},"end":{"line":96,"column":26}},"loc":{"start":{"line":96,"column":31},"end":{"line":96,"column":52}},"line":96},"6":{"name":"(anonymous_6)","decl":{"start":{"line":103,"column":25},"end":{"line":103,"column":26}},"loc":{"start":{"line":103,"column":31},"end":{"line":103,"column":53}},"line":103},"7":{"name":"(anonymous_7)","decl":{"start":{"line":110,"column":25},"end":{"line":110,"column":26}},"loc":{"start":{"line":110,"column":31},"end":{"line":110,"column":52}},"line":110},"8":{"name":"(anonymous_8)","decl":{"start":{"line":126,"column":28},"end":{"line":126,"column":29}},"loc":{"start":{"line":126,"column":34},"end":{"line":126,"column":47}},"line":126},"9":{"name":"(anonymous_9)","decl":{"start":{"line":143,"column":59},"end":{"line":143,"column":60}},"loc":{"start":{"line":143,"column":65},"end":{"line":143,"column":86}},"line":143}},"branchMap":{"0":{"loc":{"start":{"line":22,"column":4},"end":{"line":24,"column":5}},"type":"if","locations":[{"start":{"line":22,"column":4},"end":{"line":24,"column":5}},{"start":{},"end":{}}],"line":22},"1":{"loc":{"start":{"line":22,"column":8},"end":{"line":22,"column":24}},"type":"binary-expr","locations":[{"start":{"line":22,"column":8},"end":{"line":22,"column":16}},{"start":{"line":22,"column":20},"end":{"line":22,"column":24}}],"line":22},"2":{"loc":{"start":{"line":27,"column":2},"end":{"line":27,"column":27}},"type":"if","locations":[{"start":{"line":27,"column":2},"end":{"line":27,"column":27}},{"start":{},"end":{}}],"line":27},"3":{"loc":{"start":{"line":29,"column":2},"end":{"line":63,"column":3}},"type":"if","locations":[{"start":{"line":29,"column":2},"end":{"line":63,"column":3}},{"start":{},"end":{}}],"line":29}},"s":{"0":5,"1":5,"2":5,"3":5,"4":5,"5":1,"6":5,"7":1,"8":4,"9":4,"10":1,"11":1,"12":0,"13":0,"14":0,"15":0,"16":0,"17":0,"18":0,"19":0,"20":1},"f":{"0":5,"1":5,"2":1,"3":1,"4":0,"5":0,"6":0,"7":0,"8":0,"9":0},"b":{"0":[1,4],"1":[5,4],"2":[1,4],"3":[4,0]},"_coverageSchema":"1a1c01bbd47fc00a2c39e90264f33305004495a9","hash":"2a6beaea31f11b87fe113f5d6d1c889bc055e7d3"}
,"C:\\Users\\hp\\Desktop\\FYP\\app\\my-ai-app\\app\\(app)\\_layout.tsx": {"path":"C:\\Users\\hp\\Desktop\\FYP\\app\\my-ai-app\\app\\(app)\\_layout.tsx","statementMap":{"0":{"start":{"line":7,"column":21},"end":{"line":7,"column":31}},"1":{"start":{"line":9,"column":2},"end":{"line":109,"column":4}},"2":{"start":{"line":12,"column":29},"end":{"line":12,"column":40}},"3":{"start":{"line":112,"column":15},"end":{"line":116,"column":2}}},"fnMap":{"0":{"name":"AppLayout","decl":{"start":{"line":6,"column":24},"end":{"line":6,"column":33}},"loc":{"start":{"line":6,"column":36},"end":{"line":110,"column":1}},"line":6},"1":{"name":"(anonymous_1)","decl":{"start":{"line":12,"column":23},"end":{"line":12,"column":24}},"loc":{"start":{"line":12,"column":29},"end":{"line":12,"column":40}},"line":12}},"branchMap":{},"s":{"0":0,"1":0,"2":0,"3":0},"f":{"0":0,"1":0},"b":{}}
,"C:\\Users\\hp\\Desktop\\FYP\\app\\my-ai-app\\app\\(app)\\analyze.tsx": {"path":"C:\\Users\\hp\\Desktop\\FYP\\app\\my-ai-app\\app\\(app)\\analyze.tsx","statementMap":{"0":{"start":{"line":11,"column":18},"end":{"line":11,"column":42}},"1":{"start":{"line":16,"column":21},"end":{"line":16,"column":31}},"2":{"start":{"line":17,"column":26},"end":{"line":17,"column":55}},"3":{"start":{"line":18,"column":44},"end":{"line":18,"column":73}},"4":{"start":{"line":19,"column":34},"end":{"line":19,"column":45}},"5":{"start":{"line":20,"column":31},"end":{"line":20,"column":48}},"6":{"start":{"line":21,"column":17},"end":{"line":21,"column":36}},"7":{"start":{"line":23,"column":20},"end":{"line":34,"column":3}},"8":{"start":{"line":24,"column":17},"end":{"line":28,"column":6}},"9":{"start":{"line":30,"column":4},"end":{"line":33,"column":5}},"10":{"start":{"line":31,"column":6},"end":{"line":31,"column":45}},"11":{"start":{"line":32,"column":6},"end":{"line":32,"column":31}},"12":{"start":{"line":36,"column":20},"end":{"line":46,"column":3}},"13":{"start":{"line":37,"column":17},"end":{"line":40,"column":6}},"14":{"start":{"line":42,"column":4},"end":{"line":45,"column":5}},"15":{"start":{"line":43,"column":6},"end":{"line":43,"column":45}},"16":{"start":{"line":44,"column":6},"end":{"line":44,"column":31}},"17":{"start":{"line":48,"column":25},"end":{"line":51,"column":3}},"18":{"start":{"line":49,"column":4},"end":{"line":49,"column":25}},"19":{"start":{"line":50,"column":4},"end":{"line":50,"column":19}},"20":{"start":{"line":53,"column":2},"end":{"line":67,"column":13}},"21":{"start":{"line":54,"column":4},"end":{"line":66,"column":5}},"22":{"start":{"line":55,"column":23},"end":{"line":64,"column":13}},"23":{"start":{"line":56,"column":8},"end":{"line":63,"column":11}},"24":{"start":{"line":57,"column":10},"end":{"line":61,"column":11}},"25":{"start":{"line":58,"column":12},"end":{"line":58,"column":36}},"26":{"start":{"line":59,"column":12},"end":{"line":59,"column":31}},"27":{"start":{"line":60,"column":12},"end":{"line":60,"column":23}},"28":{"start":{"line":62,"column":10},"end":{"line":62,"column":27}},"29":{"start":{"line":65,"column":6},"end":{"line":65,"column":43}},"30":{"start":{"line":65,"column":19},"end":{"line":65,"column":42}},"31":{"start":{"line":69,"column":24},"end":{"line":126,"column":3}},"32":{"start":{"line":70,"column":4},"end":{"line":70,"column":31}},"33":{"start":{"line":70,"column":24},"end":{"line":70,"column":31}},"34":{"start":{"line":72,"column":4},"end":{"line":72,"column":25}},"35":{"start":{"line":73,"column":4},"end":{"line":73,"column":19}},"36":{"start":{"line":75,"column":4},"end":{"line":125,"column":5}},"37":{"start":{"line":77,"column":21},"end":{"line":85,"column":8}},"38":{"start":{"line":83,"column":10},"end":{"line":83,"column":31}},"39":{"start":{"line":88,"column":6},"end":{"line":103,"column":9}},"40":{"start":{"line":104,"column":6},"end":{"line":104,"column":29}},"41":{"start":{"line":106,"column":6},"end":{"line":106,"column":47}},"42":{"start":{"line":108,"column":6},"end":{"line":123,"column":9}},"43":{"start":{"line":124,"column":6},"end":{"line":124,"column":29}},"44":{"start":{"line":128,"column":2},"end":{"line":239,"column":4}},"45":{"start":{"line":133,"column":36},"end":{"line":133,"column":49}},"46":{"start":{"line":172,"column":40},"end":{"line":172,"column":58}},"47":{"start":{"line":212,"column":68},"end":{"line":212,"column":86}},"48":{"start":{"line":242,"column":15},"end":{"line":433,"column":2}}},"fnMap":{"0":{"name":"AnalyzeScreen","decl":{"start":{"line":15,"column":24},"end":{"line":15,"column":37}},"loc":{"start":{"line":15,"column":40},"end":{"line":240,"column":1}},"line":15},"1":{"name":"(anonymous_1)","decl":{"start":{"line":23,"column":20},"end":{"line":23,"column":21}},"loc":{"start":{"line":23,"column":32},"end":{"line":34,"column":3}},"line":23},"2":{"name":"(anonymous_2)","decl":{"start":{"line":36,"column":20},"end":{"line":36,"column":21}},"loc":{"start":{"line":36,"column":32},"end":{"line":46,"column":3}},"line":36},"3":{"name":"(anonymous_3)","decl":{"start":{"line":48,"column":25},"end":{"line":48,"column":26}},"loc":{"start":{"line":48,"column":31},"end":{"line":51,"column":3}},"line":48},"4":{"name":"(anonymous_4)","decl":{"start":{"line":53,"column":12},"end":{"line":53,"column":13}},"loc":{"start":{"line":53,"column":18},"end":{"line":67,"column":3}},"line":53},"5":{"name":"(anonymous_5)","decl":{"start":{"line":55,"column":35},"end":{"line":55,"column":36}},"loc":{"start":{"line":55,"column":41},"end":{"line":64,"column":7}},"line":55},"6":{"name":"(anonymous_6)","decl":{"start":{"line":56,"column":20},"end":{"line":56,"column":21}},"loc":{"start":{"line":56,"column":30},"end":{"line":63,"column":9}},"line":56},"7":{"name":"(anonymous_7)","decl":{"start":{"line":65,"column":13},"end":{"line":65,"column":14}},"loc":{"start":{"line":65,"column":19},"end":{"line":65,"column":42}},"line":65},"8":{"name":"(anonymous_8)","decl":{"start":{"line":69,"column":24},"end":{"line":69,"column":25}},"loc":{"start":{"line":69,"column":36},"end":{"line":126,"column":3}},"line":69},"9":{"name":"(anonymous_9)","decl":{"start":{"line":82,"column":26},"end":{"line":82,"column":27}},"loc":{"start":{"line":82,"column":39},"end":{"line":84,"column":9}},"line":82},"10":{"name":"(anonymous_10)","decl":{"start":{"line":133,"column":30},"end":{"line":133,"column":31}},"loc":{"start":{"line":133,"column":36},"end":{"line":133,"column":49}},"line":133},"11":{"name":"(anonymous_11)","decl":{"start":{"line":172,"column":34},"end":{"line":172,"column":35}},"loc":{"start":{"line":172,"column":40},"end":{"line":172,"column":58}},"line":172},"12":{"name":"(anonymous_12)","decl":{"start":{"line":212,"column":62},"end":{"line":212,"column":63}},"loc":{"start":{"line":212,"column":68},"end":{"line":212,"column":86}},"line":212}},"branchMap":{"0":{"loc":{"start":{"line":30,"column":4},"end":{"line":33,"column":5}},"type":"if","locations":[{"start":{"line":30,"column":4},"end":{"line":33,"column":5}},{"start":{},"end":{}}],"line":30},"1":{"loc":{"start":{"line":42,"column":4},"end":{"line":45,"column":5}},"type":"if","locations":[{"start":{"line":42,"column":4},"end":{"line":45,"column":5}},{"start":{},"end":{}}],"line":42},"2":{"loc":{"start":{"line":54,"column":4},"end":{"line":66,"column":5}},"type":"if","locations":[{"start":{"line":54,"column":4},"end":{"line":66,"column":5}},{"start":{},"end":{}}],"line":54},"3":{"loc":{"start":{"line":57,"column":10},"end":{"line":61,"column":11}},"type":"if","locations":[{"start":{"line":57,"column":10},"end":{"line":61,"column":11}},{"start":{},"end":{}}],"line":57},"4":{"loc":{"start":{"line":70,"column":4},"end":{"line":70,"column":31}},"type":"if","locations":[{"start":{"line":70,"column":4},"end":{"line":70,"column":31}},{"start":{},"end":{}}],"line":70},"5":{"loc":{"start":{"line":143,"column":9},"end":{"line":167,"column":9}},"type":"binary-expr","locations":[{"start":{"line":143,"column":9},"end":{"line":143,"column":27}},{"start":{"line":144,"column":10},"end":{"line":166,"column":17}}],"line":143},"6":{"loc":{"start":{"line":169,"column":9},"end":{"line":195,"column":9}},"type":"binary-expr","locations":[{"start":{"line":169,"column":9},"end":{"line":169,"column":33}},{"start":{"line":169,"column":37},"end":{"line":169,"column":50}},{"start":{"line":170,"column":10},"end":{"line":194,"column":17}}],"line":169},"7":{"loc":{"start":{"line":197,"column":9},"end":{"line":205,"column":9}},"type":"binary-expr","locations":[{"start":{"line":197,"column":9},"end":{"line":197,"column":29}},{"start":{"line":198,"column":10},"end":{"line":204,"column":17}}],"line":197},"8":{"loc":{"start":{"line":207,"column":9},"end":{"line":221,"column":9}},"type":"binary-expr","locations":[{"start":{"line":207,"column":9},"end":{"line":207,"column":27}},{"start":{"line":207,"column":31},"end":{"line":207,"column":44}},{"start":{"line":208,"column":10},"end":{"line":220,"column":17}}],"line":207},"9":{"loc":{"start":{"line":223,"column":9},"end":{"line":236,"column":9}},"type":"binary-expr","locations":[{"start":{"line":223,"column":9},"end":{"line":223,"column":29}},{"start":{"line":224,"column":10},"end":{"line":235,"column":17}}],"line":223}},"s":{"0":0,"1":0,"2":0,"3":0,"4":0,"5":0,"6":0,"7":0,"8":0,"9":0,"10":0,"11":0,"12":0,"13":0,"14":0,"15":0,"16":0,"17":0,"18":0,"19":0,"20":0,"21":0,"22":0,"23":0,"24":0,"25":0,"26":0,"27":0,"28":0,"29":0,"30":0,"31":0,"32":0,"33":0,"34":0,"35":0,"36":0,"37":0,"38":0,"39":0,"40":0,"41":0,"42":0,"43":0,"44":0,"45":0,"46":0,"47":0,"48":0},"f":{"0":0,"1":0,"2":0,"3":0,"4":0,"5":0,"6":0,"7":0,"8":0,"9":0,"10":0,"11":0,"12":0},"b":{"0":[0,0],"1":[0,0],"2":[0,0],"3":[0,0],"4":[0,0],"5":[0,0],"6":[0,0,0],"7":[0,0],"8":[0,0,0],"9":[0,0]}}
,"C:\\Users\\hp\\Desktop\\FYP\\app\\my-ai-app\\app\\(app)\\contact.tsx": {"path":"C:\\Users\\hp\\Desktop\\FYP\\app\\my-ai-app\\app\\(app)\\contact.tsx","statementMap":{"0":{"start":{"line":9,"column":21},"end":{"line":9,"column":31}},"1":{"start":{"line":10,"column":17},"end":{"line":10,"column":36}},"2":{"start":{"line":12,"column":22},"end":{"line":14,"column":3}},"3":{"start":{"line":13,"column":4},"end":{"line":13,"column":53}},"4":{"start":{"line":16,"column":2},"end":{"line":50,"column":4}},"5":{"start":{"line":20,"column":36},"end":{"line":20,"column":60}},"6":{"start":{"line":53,"column":15},"end":{"line":129,"column":2}}},"fnMap":{"0":{"name":"ContactScreen","decl":{"start":{"line":8,"column":24},"end":{"line":8,"column":37}},"loc":{"start":{"line":8,"column":40},"end":{"line":51,"column":1}},"line":8},"1":{"name":"(anonymous_1)","decl":{"start":{"line":12,"column":22},"end":{"line":12,"column":23}},"loc":{"start":{"line":12,"column":28},"end":{"line":14,"column":3}},"line":12},"2":{"name":"(anonymous_2)","decl":{"start":{"line":20,"column":30},"end":{"line":20,"column":31}},"loc":{"start":{"line":20,"column":36},"end":{"line":20,"column":60}},"line":20}},"branchMap":{},"s":{"0":0,"1":0,"2":0,"3":0,"4":0,"5":0,"6":0},"f":{"0":0,"1":0,"2":0},"b":{}}
,"C:\\Users\\hp\\Desktop\\FYP\\app\\my-ai-app\\app\\(app)\\index.tsx": {"path":"C:\\Users\\hp\\Desktop\\FYP\\app\\my-ai-app\\app\\(app)\\index.tsx","statementMap":{"0":{"start":{"line":13,"column":19},"end":{"line":13,"column":28}},"1":{"start":{"line":14,"column":21},"end":{"line":14,"column":31}},"2":{"start":{"line":15,"column":68},"end":{"line":15,"column":85}},"3":{"start":{"line":16,"column":17},"end":{"line":16,"column":36}},"4":{"start":{"line":17,"column":21},"end":{"line":17,"column":63}},"5":{"start":{"line":20,"column":40},"end":{"line":20,"column":55}},"6":{"start":{"line":21,"column":44},"end":{"line":21,"column":59}},"7":{"start":{"line":22,"column":48},"end":{"line":22,"column":67}},"8":{"start":{"line":23,"column":32},"end":{"line":23,"column":44}},"9":{"start":{"line":26,"column":26},"end":{"line":26,"column":91}},"10":{"start":{"line":26,"column":47},"end":{"line":26,"column":90}},"11":{"start":{"line":28,"column":33},"end":{"line":31,"column":3}},"12":{"start":{"line":29,"column":4},"end":{"line":29,"column":32}},"13":{"start":{"line":30,"column":4},"end":{"line":30,"column":25}},"14":{"start":{"line":33,"column":21},"end":{"line":37,"column":3}},"15":{"start":{"line":34,"column":4},"end":{"line":34,"column":26}},"16":{"start":{"line":35,"column":4},"end":{"line":35,"column":51}},"17":{"start":{"line":36,"column":4},"end":{"line":36,"column":27}},"18":{"start":{"line":39,"column":27},"end":{"line":44,"column":3}},"19":{"start":{"line":40,"column":4},"end":{"line":43,"column":5}},"20":{"start":{"line":41,"column":6},"end":{"line":41,"column":56}},"21":{"start":{"line":42,"column":6},"end":{"line":42,"column":30}},"22":{"start":{"line":46,"column":23},"end":{"line":56,"column":3}},"23":{"start":{"line":47,"column":4},"end":{"line":47,"column":26}},"24":{"start":{"line":48,"column":4},"end":{"line":55,"column":6}},"25":{"start":{"line":53,"column":63},"end":{"line":53,"column":96}},"26":{"start":{"line":58,"column":30},"end":{"line":61,"column":3}},"27":{"start":{"line":59,"column":4},"end":{"line":59,"column":20}},"28":{"start":{"line":60,"column":4},"end":{"line":60,"column":28}},"29":{"start":{"line":63,"column":22},"end":{"line":63,"column":85}},"30":{"start":{"line":65,"column":2},"end":{"line":221,"column":4}},"31":{"start":{"line":74,"column":38},"end":{"line":74,"column":61}},"32":{"start":{"line":82,"column":104},"end":{"line":82,"column":127}},"33":{"start":{"line":131,"column":12},"end":{"line":152,"column":24}},"34":{"start":{"line":135,"column":16},"end":{"line":135,"column":51}},"35":{"start":{"line":137,"column":33},"end":{"line":137,"column":64}},"36":{"start":{"line":162,"column":30},"end":{"line":162,"column":51}},"37":{"start":{"line":164,"column":62},"end":{"line":164,"column":83}},"38":{"start":{"line":181,"column":85},"end":{"line":181,"column":106}},"39":{"start":{"line":193,"column":30},"end":{"line":193,"column":53}},"40":{"start":{"line":210,"column":116},"end":{"line":210,"column":139}},"41":{"start":{"line":224,"column":15},"end":{"line":519,"column":2}}},"fnMap":{"0":{"name":"HomeScreen","decl":{"start":{"line":12,"column":24},"end":{"line":12,"column":34}},"loc":{"start":{"line":12,"column":37},"end":{"line":222,"column":1}},"line":12},"1":{"name":"(anonymous_1)","decl":{"start":{"line":26,"column":42},"end":{"line":26,"column":43}},"loc":{"start":{"line":26,"column":47},"end":{"line":26,"column":90}},"line":26},"2":{"name":"(anonymous_2)","decl":{"start":{"line":28,"column":33},"end":{"line":28,"column":34}},"loc":{"start":{"line":28,"column":51},"end":{"line":31,"column":3}},"line":28},"3":{"name":"(anonymous_3)","decl":{"start":{"line":33,"column":21},"end":{"line":33,"column":22}},"loc":{"start":{"line":33,"column":27},"end":{"line":37,"column":3}},"line":33},"4":{"name":"(anonymous_4)","decl":{"start":{"line":39,"column":27},"end":{"line":39,"column":28}},"loc":{"start":{"line":39,"column":33},"end":{"line":44,"column":3}},"line":39},"5":{"name":"(anonymous_5)","decl":{"start":{"line":46,"column":23},"end":{"line":46,"column":24}},"loc":{"start":{"line":46,"column":29},"end":{"line":56,"column":3}},"line":46},"6":{"name":"(anonymous_6)","decl":{"start":{"line":53,"column":57},"end":{"line":53,"column":58}},"loc":{"start":{"line":53,"column":63},"end":{"line":53,"column":96}},"line":53},"7":{"name":"(anonymous_7)","decl":{"start":{"line":58,"column":30},"end":{"line":58,"column":31}},"loc":{"start":{"line":58,"column":36},"end":{"line":61,"column":3}},"line":58},"8":{"name":"(anonymous_8)","decl":{"start":{"line":74,"column":32},"end":{"line":74,"column":33}},"loc":{"start":{"line":74,"column":38},"end":{"line":74,"column":61}},"line":74},"9":{"name":"(anonymous_9)","decl":{"start":{"line":82,"column":98},"end":{"line":82,"column":99}},"loc":{"start":{"line":82,"column":104},"end":{"line":82,"column":127}},"line":82},"10":{"name":"(anonymous_10)","decl":{"start":{"line":130,"column":42},"end":{"line":130,"column":43}},"loc":{"start":{"line":131,"column":12},"end":{"line":152,"column":24}},"line":131},"11":{"name":"(anonymous_11)","decl":{"start":{"line":134,"column":23},"end":{"line":134,"column":24}},"loc":{"start":{"line":134,"column":29},"end":{"line":136,"column":15}},"line":134},"12":{"name":"(anonymous_12)","decl":{"start":{"line":137,"column":27},"end":{"line":137,"column":28}},"loc":{"start":{"line":137,"column":33},"end":{"line":137,"column":64}},"line":137},"13":{"name":"(anonymous_13)","decl":{"start":{"line":162,"column":24},"end":{"line":162,"column":25}},"loc":{"start":{"line":162,"column":30},"end":{"line":162,"column":51}},"line":162},"14":{"name":"(anonymous_14)","decl":{"start":{"line":164,"column":56},"end":{"line":164,"column":57}},"loc":{"start":{"line":164,"column":62},"end":{"line":164,"column":83}},"line":164},"15":{"name":"(anonymous_15)","decl":{"start":{"line":181,"column":79},"end":{"line":181,"column":80}},"loc":{"start":{"line":181,"column":85},"end":{"line":181,"column":106}},"line":181},"16":{"name":"(anonymous_16)","decl":{"start":{"line":193,"column":24},"end":{"line":193,"column":25}},"loc":{"start":{"line":193,"column":30},"end":{"line":193,"column":53}},"line":193},"17":{"name":"(anonymous_17)","decl":{"start":{"line":210,"column":110},"end":{"line":210,"column":111}},"loc":{"start":{"line":210,"column":116},"end":{"line":210,"column":139}},"line":210}},"branchMap":{"0":{"loc":{"start":{"line":26,"column":47},"end":{"line":26,"column":90}},"type":"binary-expr","locations":[{"start":{"line":26,"column":47},"end":{"line":26,"column":65}},{"start":{"line":26,"column":69},"end":{"line":26,"column":90}}],"line":26},"1":{"loc":{"start":{"line":35,"column":15},"end":{"line":35,"column":49}},"type":"binary-expr","locations":[{"start":{"line":35,"column":15},"end":{"line":35,"column":43}},{"start":{"line":35,"column":47},"end":{"line":35,"column":49}}],"line":35},"2":{"loc":{"start":{"line":40,"column":4},"end":{"line":43,"column":5}},"type":"if","locations":[{"start":{"line":40,"column":4},"end":{"line":43,"column":5}},{"start":{},"end":{}}],"line":40},"3":{"loc":{"start":{"line":40,"column":8},"end":{"line":40,"column":41}},"type":"binary-expr","locations":[{"start":{"line":40,"column":8},"end":{"line":40,"column":23}},{"start":{"line":40,"column":27},"end":{"line":40,"column":41}}],"line":40},"4":{"loc":{"start":{"line":63,"column":22},"end":{"line":63,"column":85}},"type":"binary-expr","locations":[{"start":{"line":63,"column":22},"end":{"line":63,"column":39}},{"start":{"line":63,"column":43},"end":{"line":63,"column":69}},{"start":{"line":63,"column":73},"end":{"line":63,"column":85}}],"line":63},"5":{"loc":{"start":{"line":124,"column":9},"end":{"line":154,"column":9}},"type":"cond-expr","locations":[{"start":{"line":125,"column":10},"end":{"line":128,"column":17}},{"start":{"line":130,"column":10},"end":{"line":153,"column":12}}],"line":124},"6":{"loc":{"start":{"line":145,"column":19},"end":{"line":145,"column":60}},"type":"binary-expr","locations":[{"start":{"line":145,"column":19},"end":{"line":145,"column":38}},{"start":{"line":145,"column":42},"end":{"line":145,"column":60}}],"line":145},"7":{"loc":{"start":{"line":196,"column":20},"end":{"line":196,"column":64}},"type":"cond-expr","locations":[{"start":{"line":196,"column":44},"end":{"line":196,"column":53}},{"start":{"line":196,"column":56},"end":{"line":196,"column":64}}],"line":196}},"s":{"0":0,"1":0,"2":0,"3":0,"4":0,"5":0,"6":0,"7":0,"8":0,"9":0,"10":0,"11":0,"12":0,"13":0,"14":0,"15":0,"16":0,"17":0,"18":0,"19":0,"20":0,"21":0,"22":0,"23":0,"24":0,"25":0,"26":0,"27":0,"28":0,"29":0,"30":0,"31":0,"32":0,"33":0,"34":0,"35":0,"36":0,"37":0,"38":0,"39":0,"40":0,"41":0},"f":{"0":0,"1":0,"2":0,"3":0,"4":0,"5":0,"6":0,"7":0,"8":0,"9":0,"10":0,"11":0,"12":0,"13":0,"14":0,"15":0,"16":0,"17":0},"b":{"0":[0,0],"1":[0,0],"2":[0,0],"3":[0,0],"4":[0,0,0],"5":[0,0],"6":[0,0],"7":[0,0]}}
,"C:\\Users\\hp\\Desktop\\FYP\\app\\my-ai-app\\app\\(app)\\insights.tsx": {"path":"C:\\Users\\hp\\Desktop\\FYP\\app\\my-ai-app\\app\\(app)\\insights.tsx","statementMap":{"0":{"start":{"line":11,"column":21},"end":{"line":11,"column":31}},"1":{"start":{"line":12,"column":17},"end":{"line":12,"column":36}},"2":{"start":{"line":13,"column":23},"end":{"line":13,"column":40}},"3":{"start":{"line":14,"column":21},"end":{"line":14,"column":63}},"4":{"start":{"line":16,"column":28},"end":{"line":16,"column":75}},"5":{"start":{"line":16,"column":49},"end":{"line":16,"column":67}},"6":{"start":{"line":18,"column":2},"end":{"line":64,"column":4}},"7":{"start":{"line":22,"column":36},"end":{"line":22,"column":59}},"8":{"start":{"line":67,"column":15},"end":{"line":161,"column":2}}},"fnMap":{"0":{"name":"InsightsScreen","decl":{"start":{"line":10,"column":24},"end":{"line":10,"column":38}},"loc":{"start":{"line":10,"column":41},"end":{"line":65,"column":1}},"line":10},"1":{"name":"(anonymous_1)","decl":{"start":{"line":16,"column":44},"end":{"line":16,"column":45}},"loc":{"start":{"line":16,"column":49},"end":{"line":16,"column":67}},"line":16},"2":{"name":"(anonymous_2)","decl":{"start":{"line":22,"column":30},"end":{"line":22,"column":31}},"loc":{"start":{"line":22,"column":36},"end":{"line":22,"column":59}},"line":22}},"branchMap":{},"s":{"0":0,"1":0,"2":0,"3":0,"4":0,"5":0,"6":0,"7":0,"8":0},"f":{"0":0,"1":0,"2":0},"b":{}}
,"C:\\Users\\hp\\Desktop\\FYP\\app\\my-ai-app\\app\\(app)\\language.tsx": {"path":"C:\\Users\\hp\\Desktop\\FYP\\app\\my-ai-app\\app\\(app)\\language.tsx","statementMap":{"0":{"start":{"line":9,"column":21},"end":{"line":9,"column":31}},"1":{"start":{"line":10,"column":17},"end":{"line":10,"column":36}},"2":{"start":{"line":11,"column":34},"end":{"line":11,"column":58}},"3":{"start":{"line":13,"column":20},"end":{"line":16,"column":3}},"4":{"start":{"line":18,"column":2},"end":{"line":53,"column":4}},"5":{"start":{"line":21,"column":34},"end":{"line":21,"column":58}},"6":{"start":{"line":30,"column":10},"end":{"line":49,"column":17}},"7":{"start":{"line":33,"column":14},"end":{"line":47,"column":26}},"8":{"start":{"line":36,"column":31},"end":{"line":36,"column":48}},"9":{"start":{"line":56,"column":15},"end":{"line":112,"column":2}}},"fnMap":{"0":{"name":"LanguageScreen","decl":{"start":{"line":8,"column":24},"end":{"line":8,"column":38}},"loc":{"start":{"line":8,"column":41},"end":{"line":54,"column":1}},"line":8},"1":{"name":"(anonymous_1)","decl":{"start":{"line":21,"column":28},"end":{"line":21,"column":29}},"loc":{"start":{"line":21,"column":34},"end":{"line":21,"column":58}},"line":21},"2":{"name":"(anonymous_2)","decl":{"start":{"line":29,"column":23},"end":{"line":29,"column":24}},"loc":{"start":{"line":30,"column":10},"end":{"line":49,"column":17}},"line":30},"3":{"name":"(anonymous_3)","decl":{"start":{"line":32,"column":29},"end":{"line":32,"column":30}},"loc":{"start":{"line":33,"column":14},"end":{"line":47,"column":26}},"line":33},"4":{"name":"(anonymous_4)","decl":{"start":{"line":36,"column":25},"end":{"line":36,"column":26}},"loc":{"start":{"line":36,"column":31},"end":{"line":36,"column":48}},"line":36}},"branchMap":{"0":{"loc":{"start":{"line":41,"column":33},"end":{"line":41,"column":90}},"type":"cond-expr","locations":[{"start":{"line":41,"column":53},"end":{"line":41,"column":67}},{"start":{"line":41,"column":70},"end":{"line":41,"column":90}}],"line":41},"1":{"loc":{"start":{"line":43,"column":19},"end":{"line":45,"column":19}},"type":"binary-expr","locations":[{"start":{"line":43,"column":19},"end":{"line":43,"column":36}},{"start":{"line":44,"column":20},"end":{"line":44,"column":91}}],"line":43}},"s":{"0":0,"1":0,"2":0,"3":0,"4":0,"5":0,"6":0,"7":0,"8":0,"9":0},"f":{"0":0,"1":0,"2":0,"3":0,"4":0},"b":{"0":[0,0],"1":[0,0]}}
,"C:\\Users\\hp\\Desktop\\FYP\\app\\my-ai-app\\app\\(app)\\notifications.tsx": {"path":"C:\\Users\\hp\\Desktop\\FYP\\app\\my-ai-app\\app\\(app)\\notifications.tsx","statementMap":{"0":{"start":{"line":9,"column":21},"end":{"line":9,"column":31}},"1":{"start":{"line":10,"column":17},"end":{"line":10,"column":36}},"2":{"start":{"line":12,"column":34},"end":{"line":20,"column":4}},"3":{"start":{"line":22,"column":23},"end":{"line":24,"column":3}},"4":{"start":{"line":23,"column":4},"end":{"line":23,"column":58}},"5":{"start":{"line":23,"column":25},"end":{"line":23,"column":55}},"6":{"start":{"line":26,"column":28},"end":{"line":34,"column":3}},"7":{"start":{"line":36,"column":2},"end":{"line":61,"column":4}},"8":{"start":{"line":39,"column":34},"end":{"line":39,"column":58}},"9":{"start":{"line":48,"column":10},"end":{"line":57,"column":17}},"10":{"start":{"line":54,"column":35},"end":{"line":54,"column":81}},"11":{"start":{"line":64,"column":15},"end":{"line":100,"column":2}}},"fnMap":{"0":{"name":"NotificationsScreen","decl":{"start":{"line":8,"column":24},"end":{"line":8,"column":43}},"loc":{"start":{"line":8,"column":46},"end":{"line":62,"column":1}},"line":8},"1":{"name":"(anonymous_1)","decl":{"start":{"line":22,"column":23},"end":{"line":22,"column":24}},"loc":{"start":{"line":22,"column":55},"end":{"line":24,"column":3}},"line":22},"2":{"name":"(anonymous_2)","decl":{"start":{"line":23,"column":16},"end":{"line":23,"column":17}},"loc":{"start":{"line":23,"column":25},"end":{"line":23,"column":55}},"line":23},"3":{"name":"(anonymous_3)","decl":{"start":{"line":39,"column":28},"end":{"line":39,"column":29}},"loc":{"start":{"line":39,"column":34},"end":{"line":39,"column":58}},"line":39},"4":{"name":"(anonymous_4)","decl":{"start":{"line":47,"column":31},"end":{"line":47,"column":32}},"loc":{"start":{"line":48,"column":10},"end":{"line":57,"column":17}},"line":48},"5":{"name":"(anonymous_5)","decl":{"start":{"line":54,"column":29},"end":{"line":54,"column":30}},"loc":{"start":{"line":54,"column":35},"end":{"line":54,"column":81}},"line":54}},"branchMap":{"0":{"loc":{"start":{"line":52,"column":26},"end":{"line":52,"column":89}},"type":"cond-expr","locations":[{"start":{"line":52,"column":71},"end":{"line":52,"column":77}},{"start":{"line":52,"column":80},"end":{"line":52,"column":89}}],"line":52}},"s":{"0":0,"1":0,"2":0,"3":0,"4":0,"5":0,"6":0,"7":0,"8":0,"9":0,"10":0,"11":0},"f":{"0":0,"1":0,"2":0,"3":0,"4":0,"5":0},"b":{"0":[0,0]}}
,"C:\\Users\\hp\\Desktop\\FYP\\app\\my-ai-app\\app\\(app)\\privacy.tsx": {"path":"C:\\Users\\hp\\Desktop\\FYP\\app\\my-ai-app\\app\\(app)\\privacy.tsx","statementMap":{"0":{"start":{"line":9,"column":21},"end":{"line":9,"column":31}},"1":{"start":{"line":10,"column":17},"end":{"line":10,"column":36}},"2":{"start":{"line":12,"column":2},"end":{"line":46,"column":4}},"3":{"start":{"line":16,"column":36},"end":{"line":16,"column":60}},"4":{"start":{"line":49,"column":15},"end":{"line":89,"column":2}}},"fnMap":{"0":{"name":"PrivacyScreen","decl":{"start":{"line":8,"column":24},"end":{"line":8,"column":37}},"loc":{"start":{"line":8,"column":40},"end":{"line":47,"column":1}},"line":8},"1":{"name":"(anonymous_1)","decl":{"start":{"line":16,"column":30},"end":{"line":16,"column":31}},"loc":{"start":{"line":16,"column":36},"end":{"line":16,"column":60}},"line":16}},"branchMap":{},"s":{"0":0,"1":0,"2":0,"3":0,"4":0},"f":{"0":0,"1":0},"b":{}}
,"C:\\Users\\hp\\Desktop\\FYP\\app\\my-ai-app\\app\\(app)\\profile.tsx": {"path":"C:\\Users\\hp\\Desktop\\FYP\\app\\my-ai-app\\app\\(app)\\profile.tsx","statementMap":{"0":{"start":{"line":10,"column":18},"end":{"line":13,"column":8}},"1":{"start":{"line":16,"column":21},"end":{"line":16,"column":31}},"2":{"start":{"line":17,"column":38},"end":{"line":17,"column":47}},"3":{"start":{"line":18,"column":17},"end":{"line":18,"column":36}},"4":{"start":{"line":20,"column":26},"end":{"line":20,"column":59}},"5":{"start":{"line":21,"column":34},"end":{"line":21,"column":46}},"6":{"start":{"line":22,"column":28},"end":{"line":22,"column":55}},"7":{"start":{"line":23,"column":28},"end":{"line":23,"column":40}},"8":{"start":{"line":24,"column":32},"end":{"line":24,"column":58}},"9":{"start":{"line":25,"column":38},"end":{"line":25,"column":50}},"10":{"start":{"line":26,"column":32},"end":{"line":26,"column":44}},"11":{"start":{"line":27,"column":30},"end":{"line":27,"column":77}},"12":{"start":{"line":30,"column":2},"end":{"line":36,"column":13}},"13":{"start":{"line":31,"column":4},"end":{"line":35,"column":5}},"14":{"start":{"line":32,"column":6},"end":{"line":32,"column":49}},"15":{"start":{"line":32,"column":17},"end":{"line":32,"column":49}},"16":{"start":{"line":33,"column":6},"end":{"line":33,"column":45}},"17":{"start":{"line":33,"column":18},"end":{"line":33,"column":45}},"18":{"start":{"line":34,"column":6},"end":{"line":34,"column":52}},"19":{"start":{"line":34,"column":19},"end":{"line":34,"column":52}},"20":{"start":{"line":39,"column":46},"end":{"line":39,"column":61}},"21":{"start":{"line":40,"column":52},"end":{"line":40,"column":67}},"22":{"start":{"line":41,"column":44},"end":{"line":41,"column":56}},"23":{"start":{"line":44,"column":36},"end":{"line":44,"column":65}},"24":{"start":{"line":45,"column":50},"end":{"line":45,"column":65}},"25":{"start":{"line":46,"column":34},"end":{"line":46,"column":49}},"26":{"start":{"line":48,"column":28},"end":{"line":50,"column":3}},"27":{"start":{"line":49,"column":4},"end":{"line":49,"column":57}},"28":{"start":{"line":52,"column":26},"end":{"line":76,"column":3}},"29":{"start":{"line":53,"column":4},"end":{"line":53,"column":29}},"30":{"start":{"line":54,"column":52},"end":{"line":59,"column":5}},"31":{"start":{"line":62,"column":4},"end":{"line":75,"column":5}},"32":{"start":{"line":63,"column":6},"end":{"line":67,"column":7}},"33":{"start":{"line":64,"column":8},"end":{"line":64,"column":62}},"34":{"start":{"line":66,"column":8},"end":{"line":66,"column":68}},"35":{"start":{"line":69,"column":6},"end":{"line":72,"column":7}},"36":{"start":{"line":70,"column":8},"end":{"line":70,"column":43}},"37":{"start":{"line":71,"column":8},"end":{"line":71,"column":34}},"38":{"start":{"line":74,"column":6},"end":{"line":74,"column":51}},"39":{"start":{"line":78,"column":23},"end":{"line":84,"column":3}},"40":{"start":{"line":79,"column":4},"end":{"line":83,"column":5}},"41":{"start":{"line":80,"column":6},"end":{"line":80,"column":27}},"42":{"start":{"line":81,"column":6},"end":{"line":81,"column":33}},"43":{"start":{"line":82,"column":6},"end":{"line":82,"column":25}},"44":{"start":{"line":86,"column":23},"end":{"line":89,"column":3}},"45":{"start":{"line":87,"column":4},"end":{"line":87,"column":29}},"46":{"start":{"line":88,"column":4},"end":{"line":88,"column":20}},"47":{"start":{"line":91,"column":21},"end":{"line":104,"column":3}},"48":{"start":{"line":92,"column":4},"end":{"line":103,"column":5}},"49":{"start":{"line":93,"column":6},"end":{"line":93,"column":24}},"50":{"start":{"line":94,"column":6},"end":{"line":97,"column":9}},"51":{"start":{"line":98,"column":6},"end":{"line":98,"column":62}},"52":{"start":{"line":100,"column":6},"end":{"line":100,"column":42}},"53":{"start":{"line":102,"column":6},"end":{"line":102,"column":25}},"54":{"start":{"line":106,"column":2},"end":{"line":327,"column":4}},"55":{"start":{"line":113,"column":36},"end":{"line":113,"column":49}},"56":{"start":{"line":125,"column":36},"end":{"line":125,"column":59}},"57":{"start":{"line":187,"column":31},"end":{"line":187,"column":57}},"58":{"start":{"line":232,"column":30},"end":{"line":232,"column":54}},"59":{"start":{"line":234,"column":62},"end":{"line":234,"column":86}},"60":{"start":{"line":241,"column":64},"end":{"line":241,"column":86}},"61":{"start":{"line":246,"column":64},"end":{"line":246,"column":85}},"62":{"start":{"line":258,"column":85},"end":{"line":258,"column":109}},"63":{"start":{"line":269,"column":38},"end":{"line":269,"column":64}},"64":{"start":{"line":296,"column":40},"end":{"line":296,"column":67}},"65":{"start":{"line":312,"column":38},"end":{"line":312,"column":42}},"66":{"start":{"line":314,"column":16},"end":{"line":320,"column":28}},"67":{"start":{"line":316,"column":35},"end":{"line":316,"column":52}},"68":{"start":{"line":316,"column":53},"end":{"line":316,"column":81}},"69":{"start":{"line":330,"column":15},"end":{"line":555,"column":2}}},"fnMap":{"0":{"name":"ProfileScreen","decl":{"start":{"line":15,"column":24},"end":{"line":15,"column":37}},"loc":{"start":{"line":15,"column":40},"end":{"line":328,"column":1}},"line":15},"1":{"name":"(anonymous_1)","decl":{"start":{"line":30,"column":12},"end":{"line":30,"column":13}},"loc":{"start":{"line":30,"column":18},"end":{"line":36,"column":3}},"line":30},"2":{"name":"(anonymous_2)","decl":{"start":{"line":48,"column":45},"end":{"line":48,"column":46}},"loc":{"start":{"line":49,"column":4},"end":{"line":49,"column":57}},"line":49},"3":{"name":"(anonymous_3)","decl":{"start":{"line":52,"column":26},"end":{"line":52,"column":27}},"loc":{"start":{"line":52,"column":56},"end":{"line":76,"column":3}},"line":52},"4":{"name":"(anonymous_4)","decl":{"start":{"line":78,"column":23},"end":{"line":78,"column":24}},"loc":{"start":{"line":78,"column":29},"end":{"line":84,"column":3}},"line":78},"5":{"name":"(anonymous_5)","decl":{"start":{"line":86,"column":23},"end":{"line":86,"column":24}},"loc":{"start":{"line":86,"column":29},"end":{"line":89,"column":3}},"line":86},"6":{"name":"(anonymous_6)","decl":{"start":{"line":91,"column":21},"end":{"line":91,"column":22}},"loc":{"start":{"line":91,"column":33},"end":{"line":104,"column":3}},"line":91},"7":{"name":"(anonymous_7)","decl":{"start":{"line":113,"column":30},"end":{"line":113,"column":31}},"loc":{"start":{"line":113,"column":36},"end":{"line":113,"column":49}},"line":113},"8":{"name":"(anonymous_8)","decl":{"start":{"line":125,"column":30},"end":{"line":125,"column":31}},"loc":{"start":{"line":125,"column":36},"end":{"line":125,"column":59}},"line":125},"9":{"name":"(anonymous_9)","decl":{"start":{"line":187,"column":25},"end":{"line":187,"column":26}},"loc":{"start":{"line":187,"column":31},"end":{"line":187,"column":57}},"line":187},"10":{"name":"(anonymous_10)","decl":{"start":{"line":232,"column":24},"end":{"line":232,"column":25}},"loc":{"start":{"line":232,"column":30},"end":{"line":232,"column":54}},"line":232},"11":{"name":"(anonymous_11)","decl":{"start":{"line":234,"column":56},"end":{"line":234,"column":57}},"loc":{"start":{"line":234,"column":62},"end":{"line":234,"column":86}},"line":234},"12":{"name":"(anonymous_12)","decl":{"start":{"line":241,"column":58},"end":{"line":241,"column":59}},"loc":{"start":{"line":241,"column":64},"end":{"line":241,"column":86}},"line":241},"13":{"name":"(anonymous_13)","decl":{"start":{"line":246,"column":58},"end":{"line":246,"column":59}},"loc":{"start":{"line":246,"column":64},"end":{"line":246,"column":85}},"line":246},"14":{"name":"(anonymous_14)","decl":{"start":{"line":258,"column":79},"end":{"line":258,"column":80}},"loc":{"start":{"line":258,"column":85},"end":{"line":258,"column":109}},"line":258},"15":{"name":"(anonymous_15)","decl":{"start":{"line":269,"column":32},"end":{"line":269,"column":33}},"loc":{"start":{"line":269,"column":38},"end":{"line":269,"column":64}},"line":269},"16":{"name":"(anonymous_16)","decl":{"start":{"line":296,"column":34},"end":{"line":296,"column":35}},"loc":{"start":{"line":296,"column":40},"end":{"line":296,"column":67}},"line":296},"17":{"name":"(anonymous_17)","decl":{"start":{"line":312,"column":28},"end":{"line":312,"column":29}},"loc":{"start":{"line":312,"column":38},"end":{"line":312,"column":42}},"line":312},"18":{"name":"(anonymous_18)","decl":{"start":{"line":313,"column":26},"end":{"line":313,"column":27}},"loc":{"start":{"line":314,"column":16},"end":{"line":320,"column":28}},"line":314},"19":{"name":"(anonymous_19)","decl":{"start":{"line":316,"column":27},"end":{"line":316,"column":28}},"loc":{"start":{"line":316,"column":33},"end":{"line":316,"column":83}},"line":316}},"branchMap":{"0":{"loc":{"start":{"line":20,"column":35},"end":{"line":20,"column":58}},"type":"binary-expr","locations":[{"start":{"line":20,"column":35},"end":{"line":20,"column":52}},{"start":{"line":20,"column":56},"end":{"line":20,"column":58}}],"line":20},"1":{"loc":{"start":{"line":22,"column":37},"end":{"line":22,"column":54}},"type":"binary-expr","locations":[{"start":{"line":22,"column":37},"end":{"line":22,"column":48}},{"start":{"line":22,"column":52},"end":{"line":22,"column":54}}],"line":22},"2":{"loc":{"start":{"line":27,"column":54},"end":{"line":27,"column":76}},"type":"binary-expr","locations":[{"start":{"line":27,"column":54},"end":{"line":27,"column":68}},{"start":{"line":27,"column":72},"end":{"line":27,"column":76}}],"line":27},"3":{"loc":{"start":{"line":31,"column":4},"end":{"line":35,"column":5}},"type":"if","locations":[{"start":{"line":31,"column":4},"end":{"line":35,"column":5}},{"start":{},"end":{}}],"line":31},"4":{"loc":{"start":{"line":32,"column":6},"end":{"line":32,"column":49}},"type":"if","locations":[{"start":{"line":32,"column":6},"end":{"line":32,"column":49}},{"start":{},"end":{}}],"line":32},"5":{"loc":{"start":{"line":32,"column":25},"end":{"line":32,"column":47}},"type":"binary-expr","locations":[{"start":{"line":32,"column":25},"end":{"line":32,"column":41}},{"start":{"line":32,"column":45},"end":{"line":32,"column":47}}],"line":32},"6":{"loc":{"start":{"line":33,"column":6},"end":{"line":33,"column":45}},"type":"if","locations":[{"start":{"line":33,"column":6},"end":{"line":33,"column":45}},{"start":{},"end":{}}],"line":33},"7":{"loc":{"start":{"line":33,"column":27},"end":{"line":33,"column":43}},"type":"binary-expr","locations":[{"start":{"line":33,"column":27},"end":{"line":33,"column":37}},{"start":{"line":33,"column":41},"end":{"line":33,"column":43}}],"line":33},"8":{"loc":{"start":{"line":34,"column":6},"end":{"line":34,"column":52}},"type":"if","locations":[{"start":{"line":34,"column":6},"end":{"line":34,"column":52}},{"start":{},"end":{}}],"line":34},"9":{"loc":{"start":{"line":34,"column":29},"end":{"line":34,"column":50}},"type":"binary-expr","locations":[{"start":{"line":34,"column":29},"end":{"line":34,"column":42}},{"start":{"line":34,"column":46},"end":{"line":34,"column":50}}],"line":34},"10":{"loc":{"start":{"line":63,"column":6},"end":{"line":67,"column":7}},"type":"if","locations":[{"start":{"line":63,"column":6},"end":{"line":67,"column":7}},{"start":{"line":65,"column":13},"end":{"line":67,"column":7}}],"line":63},"11":{"loc":{"start":{"line":69,"column":6},"end":{"line":72,"column":7}},"type":"if","locations":[{"start":{"line":69,"column":6},"end":{"line":72,"column":7}},{"start":{},"end":{}}],"line":69},"12":{"loc":{"start":{"line":79,"column":4},"end":{"line":83,"column":5}},"type":"if","locations":[{"start":{"line":79,"column":4},"end":{"line":83,"column":5}},{"start":{},"end":{}}],"line":79},"13":{"loc":{"start":{"line":96,"column":18},"end":{"line":96,"column":37}},"type":"binary-expr","locations":[{"start":{"line":96,"column":18},"end":{"line":96,"column":24}},{"start":{"line":96,"column":28},"end":{"line":96,"column":37}}],"line":96},"14":{"loc":{"start":{"line":108,"column":16},"end":{"line":108,"column":60}},"type":"cond-expr","locations":[{"start":{"line":108,"column":40},"end":{"line":108,"column":49}},{"start":{"line":108,"column":52},"end":{"line":108,"column":60}}],"line":108},"15":{"loc":{"start":{"line":126,"column":13},"end":{"line":132,"column":13}},"type":"cond-expr","locations":[{"start":{"line":127,"column":14},"end":{"line":127,"column":70}},{"start":{"line":129,"column":14},"end":{"line":131,"column":21}}],"line":126},"16":{"loc":{"start":{"line":189,"column":38},"end":{"line":189,"column":103}},"type":"cond-expr","locations":[{"start":{"line":189,"column":69},"end":{"line":189,"column":89}},{"start":{"line":189,"column":92},"end":{"line":189,"column":103}}],"line":189},"17":{"loc":{"start":{"line":218,"column":83},"end":{"line":218,"column":101}},"type":"cond-expr","locations":[{"start":{"line":218,"column":94},"end":{"line":218,"column":97}},{"start":{"line":218,"column":100},"end":{"line":218,"column":101}}],"line":218},"18":{"loc":{"start":{"line":222,"column":49},"end":{"line":222,"column":88}},"type":"cond-expr","locations":[{"start":{"line":222,"column":60},"end":{"line":222,"column":71}},{"start":{"line":222,"column":74},"end":{"line":222,"column":88}}],"line":222},"19":{"loc":{"start":{"line":251,"column":13},"end":{"line":256,"column":13}},"type":"binary-expr","locations":[{"start":{"line":251,"column":13},"end":{"line":251,"column":19}},{"start":{"line":252,"column":14},"end":{"line":255,"column":26}}],"line":251},"20":{"loc":{"start":{"line":279,"column":34},"end":{"line":279,"column":56}},"type":"binary-expr","locations":[{"start":{"line":279,"column":34},"end":{"line":279,"column":43}},{"start":{"line":279,"column":47},"end":{"line":279,"column":56}}],"line":279},"21":{"loc":{"start":{"line":319,"column":19},"end":{"line":319,"column":96}},"type":"binary-expr","locations":[{"start":{"line":319,"column":19},"end":{"line":319,"column":35}},{"start":{"line":319,"column":39},"end":{"line":319,"column":96}}],"line":319}},"s":{"0":0,"1":0,"2":0,"3":0,"4":0,"5":0,"6":0,"7":0,"8":0,"9":0,"10":0,"11":0,"12":0,"13":0,"14":0,"15":0,"16":0,"17":0,"18":0,"19":0,"20":0,"21":0,"22":0,"23":0,"24":0,"25":0,"26":0,"27":0,"28":0,"29":0,"30":0,"31":0,"32":0,"33":0,"34":0,"35":0,"36":0,"37":0,"38":0,"39":0,"40":0,"41":0,"42":0,"43":0,"44":0,"45":0,"46":0,"47":0,"48":0,"49":0,"50":0,"51":0,"52":0,"53":0,"54":0,"55":0,"56":0,"57":0,"58":0,"59":0,"60":0,"61":0,"62":0,"63":0,"64":0,"65":0,"66":0,"67":0,"68":0,"69":0},"f":{"0":0,"1":0,"2":0,"3":0,"4":0,"5":0,"6":0,"7":0,"8":0,"9":0,"10":0,"11":0,"12":0,"13":0,"14":0,"15":0,"16":0,"17":0,"18":0,"19":0},"b":{"0":[0,0],"1":[0,0],"2":[0,0],"3":[0,0],"4":[0,0],"5":[0,0],"6":[0,0],"7":[0,0],"8":[0,0],"9":[0,0],"10":[0,0],"11":[0,0],"12":[0,0],"13":[0,0],"14":[0,0],"15":[0,0],"16":[0,0],"17":[0,0],"18":[0,0],"19":[0,0],"20":[0,0],"21":[0,0]}}
,"C:\\Users\\hp\\Desktop\\FYP\\app\\my-ai-app\\app\\(app)\\report.tsx": {"path":"C:\\Users\\hp\\Desktop\\FYP\\app\\my-ai-app\\app\\(app)\\report.tsx","statementMap":{"0":{"start":{"line":9,"column":46},"end":{"line":9,"column":63}},"1":{"start":{"line":10,"column":17},"end":{"line":10,"column":36}},"2":{"start":{"line":12,"column":17},"end":{"line":12,"column":46}},"3":{"start":{"line":14,"column":2},"end":{"line":23,"column":3}},"4":{"start":{"line":15,"column":4},"end":{"line":22,"column":6}},"5":{"start":{"line":18,"column":60},"end":{"line":18,"column":79}},"6":{"start":{"line":25,"column":26},"end":{"line":28,"column":3}},"7":{"start":{"line":26,"column":4},"end":{"line":26,"column":46}},"8":{"start":{"line":27,"column":4},"end":{"line":27,"column":45}},"9":{"start":{"line":30,"column":2},"end":{"line":122,"column":4}},"10":{"start":{"line":34,"column":34},"end":{"line":34,"column":53}},"11":{"start":{"line":91,"column":12},"end":{"line":94,"column":19}},"12":{"start":{"line":125,"column":15},"end":{"line":313,"column":2}}},"fnMap":{"0":{"name":"ReportScreen","decl":{"start":{"line":8,"column":24},"end":{"line":8,"column":36}},"loc":{"start":{"line":8,"column":39},"end":{"line":123,"column":1}},"line":8},"1":{"name":"(anonymous_1)","decl":{"start":{"line":18,"column":54},"end":{"line":18,"column":55}},"loc":{"start":{"line":18,"column":60},"end":{"line":18,"column":79}},"line":18},"2":{"name":"(anonymous_2)","decl":{"start":{"line":25,"column":26},"end":{"line":25,"column":27}},"loc":{"start":{"line":25,"column":32},"end":{"line":28,"column":3}},"line":25},"3":{"name":"(anonymous_3)","decl":{"start":{"line":34,"column":28},"end":{"line":34,"column":29}},"loc":{"start":{"line":34,"column":34},"end":{"line":34,"column":53}},"line":34},"4":{"name":"(anonymous_4)","decl":{"start":{"line":90,"column":31},"end":{"line":90,"column":32}},"loc":{"start":{"line":91,"column":12},"end":{"line":94,"column":19}},"line":91}},"branchMap":{"0":{"loc":{"start":{"line":14,"column":2},"end":{"line":23,"column":3}},"type":"if","locations":[{"start":{"line":14,"column":2},"end":{"line":23,"column":3}},{"start":{},"end":{}}],"line":14}},"s":{"0":0,"1":0,"2":0,"3":0,"4":0,"5":0,"6":0,"7":0,"8":0,"9":0,"10":0,"11":0,"12":0},"f":{"0":0,"1":0,"2":0,"3":0,"4":0},"b":{"0":[0,0]}}
,"C:\\Users\\hp\\Desktop\\FYP\\app\\my-ai-app\\app\\(app)\\security.tsx": {"path":"C:\\Users\\hp\\Desktop\\FYP\\app\\my-ai-app\\app\\(app)\\security.tsx","statementMap":{"0":{"start":{"line":9,"column":21},"end":{"line":9,"column":31}},"1":{"start":{"line":10,"column":17},"end":{"line":10,"column":36}},"2":{"start":{"line":12,"column":2},"end":{"line":45,"column":4}},"3":{"start":{"line":16,"column":36},"end":{"line":16,"column":60}},"4":{"start":{"line":48,"column":15},"end":{"line":109,"column":2}}},"fnMap":{"0":{"name":"SecurityScreen","decl":{"start":{"line":8,"column":24},"end":{"line":8,"column":38}},"loc":{"start":{"line":8,"column":41},"end":{"line":46,"column":1}},"line":8},"1":{"name":"(anonymous_1)","decl":{"start":{"line":16,"column":30},"end":{"line":16,"column":31}},"loc":{"start":{"line":16,"column":36},"end":{"line":16,"column":60}},"line":16}},"branchMap":{},"s":{"0":0,"1":0,"2":0,"3":0,"4":0},"f":{"0":0,"1":0},"b":{}}
,"C:\\Users\\hp\\Desktop\\FYP\\app\\my-ai-app\\app\\(app)\\settings.tsx": {"path":"C:\\Users\\hp\\Desktop\\FYP\\app\\my-ai-app\\app\\(app)\\settings.tsx","statementMap":{"0":{"start":{"line":10,"column":27},"end":{"line":10,"column":37}},"1":{"start":{"line":11,"column":21},"end":{"line":11,"column":30}},"2":{"start":{"line":12,"column":17},"end":{"line":12,"column":36}},"3":{"start":{"line":14,"column":23},"end":{"line":38,"column":3}},"4":{"start":{"line":15,"column":4},"end":{"line":37,"column":6}},"5":{"start":{"line":24,"column":12},"end":{"line":33,"column":13}},"6":{"start":{"line":25,"column":14},"end":{"line":25,"column":29}},"7":{"start":{"line":27,"column":14},"end":{"line":29,"column":22}},"8":{"start":{"line":28,"column":16},"end":{"line":28,"column":36}},"9":{"start":{"line":31,"column":14},"end":{"line":31,"column":75}},"10":{"start":{"line":32,"column":14},"end":{"line":32,"column":52}},"11":{"start":{"line":40,"column":20},"end":{"line":48,"column":3}},"12":{"start":{"line":50,"column":2},"end":{"line":96,"column":4}},"13":{"start":{"line":54,"column":36},"end":{"line":54,"column":49}},"14":{"start":{"line":65,"column":10},"end":{"line":80,"column":22}},"15":{"start":{"line":68,"column":27},"end":{"line":68,"column":71}},"16":{"start":{"line":99,"column":15},"end":{"line":163,"column":2}}},"fnMap":{"0":{"name":"SettingsScreen","decl":{"start":{"line":9,"column":24},"end":{"line":9,"column":38}},"loc":{"start":{"line":9,"column":41},"end":{"line":97,"column":1}},"line":9},"1":{"name":"(anonymous_1)","decl":{"start":{"line":14,"column":23},"end":{"line":14,"column":24}},"loc":{"start":{"line":14,"column":29},"end":{"line":38,"column":3}},"line":14},"2":{"name":"(anonymous_2)","decl":{"start":{"line":23,"column":19},"end":{"line":23,"column":20}},"loc":{"start":{"line":23,"column":31},"end":{"line":34,"column":11}},"line":23},"3":{"name":"(anonymous_3)","decl":{"start":{"line":27,"column":25},"end":{"line":27,"column":26}},"loc":{"start":{"line":27,"column":31},"end":{"line":29,"column":15}},"line":27},"4":{"name":"(anonymous_4)","decl":{"start":{"line":54,"column":30},"end":{"line":54,"column":31}},"loc":{"start":{"line":54,"column":36},"end":{"line":54,"column":49}},"line":54},"5":{"name":"(anonymous_5)","decl":{"start":{"line":64,"column":23},"end":{"line":64,"column":24}},"loc":{"start":{"line":65,"column":10},"end":{"line":80,"column":22}},"line":65},"6":{"name":"(anonymous_6)","decl":{"start":{"line":68,"column":21},"end":{"line":68,"column":22}},"loc":{"start":{"line":68,"column":27},"end":{"line":68,"column":71}},"line":68}},"branchMap":{"0":{"loc":{"start":{"line":43,"column":78},"end":{"line":43,"column":112}},"type":"cond-expr","locations":[{"start":{"line":43,"column":96},"end":{"line":43,"column":102}},{"start":{"line":43,"column":105},"end":{"line":43,"column":112}}],"line":43},"1":{"loc":{"start":{"line":68,"column":27},"end":{"line":68,"column":71}},"type":"binary-expr","locations":[{"start":{"line":68,"column":27},"end":{"line":68,"column":37}},{"start":{"line":68,"column":41},"end":{"line":68,"column":71}}],"line":68},"2":{"loc":{"start":{"line":75,"column":15},"end":{"line":77,"column":15}},"type":"binary-expr","locations":[{"start":{"line":75,"column":15},"end":{"line":75,"column":25}},{"start":{"line":76,"column":16},"end":{"line":76,"column":95}}],"line":75}},"s":{"0":0,"1":0,"2":0,"3":0,"4":0,"5":0,"6":0,"7":0,"8":0,"9":0,"10":0,"11":0,"12":0,"13":0,"14":0,"15":0,"16":0},"f":{"0":0,"1":0,"2":0,"3":0,"4":0,"5":0,"6":0},"b":{"0":[0,0],"1":[0,0],"2":[0,0]}}
,"C:\\Users\\hp\\Desktop\\FYP\\app\\my-ai-app\\app\\(app)\\support.tsx": {"path":"C:\\Users\\hp\\Desktop\\FYP\\app\\my-ai-app\\app\\(app)\\support.tsx","statementMap":{"0":{"start":{"line":9,"column":21},"end":{"line":9,"column":31}},"1":{"start":{"line":10,"column":17},"end":{"line":10,"column":36}},"2":{"start":{"line":12,"column":15},"end":{"line":16,"column":3}},"3":{"start":{"line":18,"column":2},"end":{"line":50,"column":4}},"4":{"start":{"line":21,"column":34},"end":{"line":21,"column":58}},"5":{"start":{"line":32,"column":10},"end":{"line":35,"column":17}},"6":{"start":{"line":40,"column":25},"end":{"line":40,"column":48}},"7":{"start":{"line":53,"column":15},"end":{"line":113,"column":2}}},"fnMap":{"0":{"name":"SupportScreen","decl":{"start":{"line":8,"column":24},"end":{"line":8,"column":37}},"loc":{"start":{"line":8,"column":40},"end":{"line":51,"column":1}},"line":8},"1":{"name":"(anonymous_1)","decl":{"start":{"line":21,"column":28},"end":{"line":21,"column":29}},"loc":{"start":{"line":21,"column":34},"end":{"line":21,"column":58}},"line":21},"2":{"name":"(anonymous_2)","decl":{"start":{"line":31,"column":18},"end":{"line":31,"column":19}},"loc":{"start":{"line":32,"column":10},"end":{"line":35,"column":17}},"line":32},"3":{"name":"(anonymous_3)","decl":{"start":{"line":40,"column":19},"end":{"line":40,"column":20}},"loc":{"start":{"line":40,"column":25},"end":{"line":40,"column":48}},"line":40}},"branchMap":{},"s":{"0":0,"1":0,"2":0,"3":0,"4":0,"5":0,"6":0,"7":0},"f":{"0":0,"1":0,"2":0,"3":0},"b":{}}
,"C:\\Users\\hp\\Desktop\\FYP\\app\\my-ai-app\\app\\(app)\\theme.tsx": {"path":"C:\\Users\\hp\\Desktop\\FYP\\app\\my-ai-app\\app\\(app)\\theme.tsx","statementMap":{"0":{"start":{"line":9,"column":36},"end":{"line":9,"column":46}},"1":{"start":{"line":10,"column":17},"end":{"line":10,"column":36}},"2":{"start":{"line":12,"column":2},"end":{"line":54,"column":4}},"3":{"start":{"line":15,"column":34},"end":{"line":15,"column":58}},"4":{"start":{"line":25,"column":25},"end":{"line":25,"column":41}},"5":{"start":{"line":40,"column":25},"end":{"line":40,"column":40}},"6":{"start":{"line":57,"column":15},"end":{"line":105,"column":2}}},"fnMap":{"0":{"name":"ThemeScreen","decl":{"start":{"line":8,"column":24},"end":{"line":8,"column":35}},"loc":{"start":{"line":8,"column":38},"end":{"line":55,"column":1}},"line":8},"1":{"name":"(anonymous_1)","decl":{"start":{"line":15,"column":28},"end":{"line":15,"column":29}},"loc":{"start":{"line":15,"column":34},"end":{"line":15,"column":58}},"line":15},"2":{"name":"(anonymous_2)","decl":{"start":{"line":25,"column":19},"end":{"line":25,"column":20}},"loc":{"start":{"line":25,"column":25},"end":{"line":25,"column":41}},"line":25},"3":{"name":"(anonymous_3)","decl":{"start":{"line":40,"column":19},"end":{"line":40,"column":20}},"loc":{"start":{"line":40,"column":25},"end":{"line":40,"column":40}},"line":40}},"branchMap":{"0":{"loc":{"start":{"line":30,"column":27},"end":{"line":30,"column":83}},"type":"cond-expr","locations":[{"start":{"line":30,"column":46},"end":{"line":30,"column":60}},{"start":{"line":30,"column":63},"end":{"line":30,"column":83}}],"line":30},"1":{"loc":{"start":{"line":32,"column":13},"end":{"line":34,"column":13}},"type":"binary-expr","locations":[{"start":{"line":32,"column":13},"end":{"line":32,"column":29}},{"start":{"line":33,"column":14},"end":{"line":33,"column":85}}],"line":32},"2":{"loc":{"start":{"line":45,"column":27},"end":{"line":45,"column":82}},"type":"cond-expr","locations":[{"start":{"line":45,"column":45},"end":{"line":45,"column":59}},{"start":{"line":45,"column":62},"end":{"line":45,"column":82}}],"line":45},"3":{"loc":{"start":{"line":47,"column":13},"end":{"line":49,"column":13}},"type":"binary-expr","locations":[{"start":{"line":47,"column":13},"end":{"line":47,"column":28}},{"start":{"line":48,"column":14},"end":{"line":48,"column":85}}],"line":47}},"s":{"0":0,"1":0,"2":0,"3":0,"4":0,"5":0,"6":0},"f":{"0":0,"1":0,"2":0,"3":0},"b":{"0":[0,0],"1":[0,0],"2":[0,0],"3":[0,0]}}
,"C:\\Users\\hp\\Desktop\\FYP\\app\\my-ai-app\\app\\(app)\\chat\\[id].tsx": {"path":"C:\\Users\\hp\\Desktop\\FYP\\app\\my-ai-app\\app\\(app)\\chat\\[id].tsx","statementMap":{"0":{"start":{"line":20,"column":17},"end":{"line":20,"column":39}},"1":{"start":{"line":21,"column":64},"end":{"line":21,"column":81}},"2":{"start":{"line":22,"column":36},"end":{"line":22,"column":48}},"3":{"start":{"line":23,"column":34},"end":{"line":23,"column":49}},"4":{"start":{"line":24,"column":22},"end":{"line":24,"column":44}},"5":{"start":{"line":25,"column":17},"end":{"line":25,"column":36}},"6":{"start":{"line":27,"column":2},"end":{"line":31,"column":11}},"7":{"start":{"line":28,"column":4},"end":{"line":30,"column":5}},"8":{"start":{"line":29,"column":6},"end":{"line":29,"column":24}},"9":{"start":{"line":33,"column":2},"end":{"line":40,"column":32}},"10":{"start":{"line":35,"column":4},"end":{"line":39,"column":5}},"11":{"start":{"line":36,"column":6},"end":{"line":38,"column":14}},"12":{"start":{"line":37,"column":8},"end":{"line":37,"column":61}},"13":{"start":{"line":42,"column":21},"end":{"line":82,"column":3}},"14":{"start":{"line":43,"column":4},"end":{"line":43,"column":34}},"15":{"start":{"line":43,"column":27},"end":{"line":43,"column":34}},"16":{"start":{"line":45,"column":24},"end":{"line":45,"column":40}},"17":{"start":{"line":46,"column":4},"end":{"line":46,"column":21}},"18":{"start":{"line":47,"column":4},"end":{"line":47,"column":64}},"19":{"start":{"line":49,"column":4},"end":{"line":49,"column":22}},"20":{"start":{"line":51,"column":4},"end":{"line":81,"column":5}},"21":{"start":{"line":53,"column":26},"end":{"line":55,"column":35}},"22":{"start":{"line":58,"column":56},"end":{"line":63,"column":17}},"23":{"start":{"line":59,"column":23},"end":{"line":59,"column":63}},"24":{"start":{"line":60,"column":21},"end":{"line":63,"column":9}},"25":{"start":{"line":66,"column":21},"end":{"line":66,"column":89}},"26":{"start":{"line":68,"column":6},"end":{"line":68,"column":25}},"27":{"start":{"line":69,"column":6},"end":{"line":72,"column":9}},"28":{"start":{"line":74,"column":6},"end":{"line":74,"column":47}},"29":{"start":{"line":75,"column":6},"end":{"line":75,"column":25}},"30":{"start":{"line":77,"column":6},"end":{"line":80,"column":9}},"31":{"start":{"line":84,"column":24},"end":{"line":93,"column":3}},"32":{"start":{"line":85,"column":14},"end":{"line":85,"column":33}},"33":{"start":{"line":86,"column":4},"end":{"line":88,"column":5}},"34":{"start":{"line":87,"column":6},"end":{"line":87,"column":293}},"35":{"start":{"line":89,"column":4},"end":{"line":91,"column":5}},"36":{"start":{"line":90,"column":6},"end":{"line":90,"column":260}},"37":{"start":{"line":92,"column":4},"end":{"line":92,"column":197}},"38":{"start":{"line":95,"column":29},"end":{"line":132,"column":3}},"39":{"start":{"line":100,"column":40},"end":{"line":100,"column":42}},"40":{"start":{"line":101,"column":18},"end":{"line":101,"column":34}},"41":{"start":{"line":102,"column":20},"end":{"line":102,"column":21}},"42":{"start":{"line":104,"column":16},"end":{"line":104,"column":17}},"43":{"start":{"line":106,"column":4},"end":{"line":121,"column":5}},"44":{"start":{"line":107,"column":6},"end":{"line":113,"column":7}},"45":{"start":{"line":108,"column":8},"end":{"line":112,"column":10}},"46":{"start":{"line":115,"column":6},"end":{"line":119,"column":8}},"47":{"start":{"line":120,"column":6},"end":{"line":120,"column":34}},"48":{"start":{"line":123,"column":4},"end":{"line":129,"column":5}},"49":{"start":{"line":124,"column":6},"end":{"line":128,"column":8}},"50":{"start":{"line":131,"column":4},"end":{"line":131,"column":20}},"51":{"start":{"line":134,"column":24},"end":{"line":152,"column":3}},"52":{"start":{"line":135,"column":17},"end":{"line":135,"column":35}},"53":{"start":{"line":136,"column":4},"end":{"line":151,"column":6}},"54":{"start":{"line":154,"column":2},"end":{"line":222,"column":4}},"55":{"start":{"line":161,"column":34},"end":{"line":161,"column":47}},"56":{"start":{"line":174,"column":32},"end":{"line":174,"column":39}},"57":{"start":{"line":226,"column":2},"end":{"line":232,"column":4}},"58":{"start":{"line":235,"column":15},"end":{"line":407,"column":2}}},"fnMap":{"0":{"name":"ChatScreen","decl":{"start":{"line":19,"column":24},"end":{"line":19,"column":34}},"loc":{"start":{"line":19,"column":37},"end":{"line":223,"column":1}},"line":19},"1":{"name":"(anonymous_1)","decl":{"start":{"line":27,"column":12},"end":{"line":27,"column":13}},"loc":{"start":{"line":27,"column":18},"end":{"line":31,"column":3}},"line":27},"2":{"name":"(anonymous_2)","decl":{"start":{"line":33,"column":12},"end":{"line":33,"column":13}},"loc":{"start":{"line":33,"column":18},"end":{"line":40,"column":3}},"line":33},"3":{"name":"(anonymous_3)","decl":{"start":{"line":36,"column":17},"end":{"line":36,"column":18}},"loc":{"start":{"line":36,"column":23},"end":{"line":38,"column":7}},"line":36},"4":{"name":"(anonymous_4)","decl":{"start":{"line":42,"column":21},"end":{"line":42,"column":22}},"loc":{"start":{"line":42,"column":33},"end":{"line":82,"column":3}},"line":42},"5":{"name":"(anonymous_5)","decl":{"start":{"line":59,"column":16},"end":{"line":59,"column":17}},"loc":{"start":{"line":59,"column":23},"end":{"line":59,"column":63}},"line":59},"6":{"name":"(anonymous_6)","decl":{"start":{"line":60,"column":13},"end":{"line":60,"column":14}},"loc":{"start":{"line":60,"column":21},"end":{"line":63,"column":9}},"line":60},"7":{"name":"(anonymous_7)","decl":{"start":{"line":84,"column":24},"end":{"line":84,"column":25}},"loc":{"start":{"line":84,"column":51},"end":{"line":93,"column":3}},"line":84},"8":{"name":"(anonymous_8)","decl":{"start":{"line":95,"column":29},"end":{"line":95,"column":30}},"loc":{"start":{"line":99,"column":26},"end":{"line":132,"column":3}},"line":99},"9":{"name":"(anonymous_9)","decl":{"start":{"line":134,"column":24},"end":{"line":134,"column":25}},"loc":{"start":{"line":134,"column":53},"end":{"line":152,"column":3}},"line":134},"10":{"name":"(anonymous_10)","decl":{"start":{"line":161,"column":28},"end":{"line":161,"column":29}},"loc":{"start":{"line":161,"column":34},"end":{"line":161,"column":47}},"line":161},"11":{"name":"(anonymous_11)","decl":{"start":{"line":174,"column":22},"end":{"line":174,"column":23}},"loc":{"start":{"line":174,"column":32},"end":{"line":174,"column":39}},"line":174},"12":{"name":"ActivityDots","decl":{"start":{"line":225,"column":9},"end":{"line":225,"column":21}},"loc":{"start":{"line":225,"column":24},"end":{"line":233,"column":1}},"line":225}},"branchMap":{"0":{"loc":{"start":{"line":28,"column":4},"end":{"line":30,"column":5}},"type":"if","locations":[{"start":{"line":28,"column":4},"end":{"line":30,"column":5}},{"start":{},"end":{}}],"line":28},"1":{"loc":{"start":{"line":28,"column":8},"end":{"line":28,"column":36}},"type":"binary-expr","locations":[{"start":{"line":28,"column":8},"end":{"line":28,"column":10}},{"start":{"line":28,"column":14},"end":{"line":28,"column":36}}],"line":28},"2":{"loc":{"start":{"line":35,"column":4},"end":{"line":39,"column":5}},"type":"if","locations":[{"start":{"line":35,"column":4},"end":{"line":39,"column":5}},{"start":{},"end":{}}],"line":35},"3":{"loc":{"start":{"line":43,"column":4},"end":{"line":43,"column":34}},"type":"if","locations":[{"start":{"line":43,"column":4},"end":{"line":43,"column":34}},{"start":{},"end":{}}],"line":43},"4":{"loc":{"start":{"line":53,"column":26},"end":{"line":55,"column":35}},"type":"cond-expr","locations":[{"start":{"line":54,"column":10},"end":{"line":54,"column":259}},{"start":{"line":55,"column":10},"end":{"line":55,"column":35}}],"line":53},"5":{"loc":{"start":{"line":58,"column":56},"end":{"line":63,"column":17}},"type":"binary-expr","locations":[{"start":{"line":58,"column":56},"end":{"line":63,"column":11}},{"start":{"line":63,"column":15},"end":{"line":63,"column":17}}],"line":58},"6":{"loc":{"start":{"line":59,"column":23},"end":{"line":59,"column":63}},"type":"binary-expr","locations":[{"start":{"line":59,"column":23},"end":{"line":59,"column":42}},{"start":{"line":59,"column":46},"end":{"line":59,"column":63}}],"line":59},"7":{"loc":{"start":{"line":61,"column":16},"end":{"line":61,"column":49}},"type":"cond-expr","locations":[{"start":{"line":61,"column":36},"end":{"line":61,"column":40}},{"start":{"line":61,"column":43},"end":{"line":61,"column":49}}],"line":61},"8":{"loc":{"start":{"line":86,"column":4},"end":{"line":88,"column":5}},"type":"if","locations":[{"start":{"line":86,"column":4},"end":{"line":88,"column":5}},{"start":{},"end":{}}],"line":86},"9":{"loc":{"start":{"line":86,"column":8},"end":{"line":86,"column":47}},"type":"binary-expr","locations":[{"start":{"line":86,"column":8},"end":{"line":86,"column":25}},{"start":{"line":86,"column":29},"end":{"line":86,"column":47}}],"line":86},"10":{"loc":{"start":{"line":89,"column":4},"end":{"line":91,"column":5}},"type":"if","locations":[{"start":{"line":89,"column":4},"end":{"line":91,"column":5}},{"start":{},"end":{}}],"line":89},"11":{"loc":{"start":{"line":89,"column":8},"end":{"line":89,"column":48}},"type":"binary-expr","locations":[{"start":{"line":89,"column":8},"end":{"line":89,"column":26}},{"start":{"line":89,"column":30},"end":{"line":89,"column":48}}],"line":89},"12":{"loc":{"start":{"line":107,"column":6},"end":{"line":113,"column":7}},"type":"if","locations":[{"start":{"line":107,"column":6},"end":{"line":113,"column":7}},{"start":{},"end":{}}],"line":107},"13":{"loc":{"start":{"line":123,"column":4},"end":{"line":129,"column":5}},"type":"if","locations":[{"start":{"line":123,"column":4},"end":{"line":129,"column":5}},{"start":{},"end":{}}],"line":123},"14":{"loc":{"start":{"line":137,"column":43},"end":{"line":137,"column":87}},"type":"cond-expr","locations":[{"start":{"line":137,"column":50},"end":{"line":137,"column":66}},{"start":{"line":137,"column":69},"end":{"line":137,"column":87}}],"line":137},"15":{"loc":{"start":{"line":138,"column":9},"end":{"line":142,"column":9}},"type":"binary-expr","locations":[{"start":{"line":138,"column":9},"end":{"line":138,"column":13}},{"start":{"line":139,"column":10},"end":{"line":141,"column":17}}],"line":138},"16":{"loc":{"start":{"line":143,"column":44},"end":{"line":143,"column":86}},"type":"cond-expr","locations":[{"start":{"line":143,"column":51},"end":{"line":143,"column":66}},{"start":{"line":143,"column":69},"end":{"line":143,"column":86}}],"line":143},"17":{"loc":{"start":{"line":144,"column":44},"end":{"line":144,"column":82}},"type":"cond-expr","locations":[{"start":{"line":144,"column":51},"end":{"line":144,"column":64}},{"start":{"line":144,"column":67},"end":{"line":144,"column":82}}],"line":144},"18":{"loc":{"start":{"line":145,"column":67},"end":{"line":145,"column":105}},"type":"cond-expr","locations":[{"start":{"line":145,"column":74},"end":{"line":145,"column":87}},{"start":{"line":145,"column":90},"end":{"line":145,"column":105}}],"line":145},"19":{"loc":{"start":{"line":157,"column":16},"end":{"line":157,"column":61}},"type":"cond-expr","locations":[{"start":{"line":157,"column":40},"end":{"line":157,"column":49}},{"start":{"line":157,"column":52},"end":{"line":157,"column":61}}],"line":157},"20":{"loc":{"start":{"line":158,"column":30},"end":{"line":158,"column":59}},"type":"cond-expr","locations":[{"start":{"line":158,"column":54},"end":{"line":158,"column":55}},{"start":{"line":158,"column":58},"end":{"line":158,"column":59}}],"line":158},"21":{"loc":{"start":{"line":173,"column":14},"end":{"line":173,"column":43}},"type":"binary-expr","locations":[{"start":{"line":173,"column":14},"end":{"line":173,"column":37}},{"start":{"line":173,"column":41},"end":{"line":173,"column":43}}],"line":173},"22":{"loc":{"start":{"line":189,"column":10},"end":{"line":198,"column":18}},"type":"cond-expr","locations":[{"start":{"line":190,"column":12},"end":{"line":197,"column":19}},{"start":{"line":198,"column":14},"end":{"line":198,"column":18}}],"line":189},"23":{"loc":{"start":{"line":213,"column":39},"end":{"line":213,"column":85}},"type":"binary-expr","locations":[{"start":{"line":213,"column":39},"end":{"line":213,"column":56}},{"start":{"line":213,"column":60},"end":{"line":213,"column":85}}],"line":213}},"s":{"0":11,"1":11,"2":11,"3":11,"4":11,"5":11,"6":11,"7":5,"8":5,"9":11,"10":5,"11":2,"12":2,"13":11,"14":2,"15":0,"16":2,"17":2,"18":2,"19":2,"20":2,"21":2,"22":2,"23":0,"24":0,"25":2,"26":1,"27":1,"28":1,"29":1,"30":1,"31":11,"32":1,"33":1,"34":0,"35":1,"36":0,"37":1,"38":11,"39":2,"40":2,"41":2,"42":2,"43":2,"44":0,"45":0,"46":0,"47":0,"48":2,"49":2,"50":2,"51":11,"52":2,"53":2,"54":11,"55":0,"56":4,"57":2,"58":1},"f":{"0":11,"1":5,"2":5,"3":2,"4":2,"5":0,"6":0,"7":1,"8":2,"9":2,"10":0,"11":4,"12":2},"b":{"0":[5,0],"1":[5,5],"2":[2,3],"3":[0,2],"4":[0,2],"5":[2,0],"6":[0,0],"7":[0,0],"8":[0,1],"9":[1,1],"10":[0,1],"11":[1,0],"12":[0,0],"13":[2,0],"14":[1,1],"15":[2,1],"16":[1,1],"17":[1,1],"18":[1,1],"19":[11,0],"20":[11,0],"21":[11,0],"22":[2,9],"23":[11,9]},"_coverageSchema":"1a1c01bbd47fc00a2c39e90264f33305004495a9","hash":"159cdab6b7dc75f5ef642eda7272f53982a7ad4e"}
,"C:\\Users\\hp\\Desktop\\FYP\\app\\my-ai-app\\app\\(app)\\chat\\index.tsx": {"path":"C:\\Users\\hp\\Desktop\\FYP\\app\\my-ai-app\\app\\(app)\\chat\\index.tsx","statementMap":{"0":{"start":{"line":12,"column":38},"end":{"line":12,"column":55}},"1":{"start":{"line":13,"column":21},"end":{"line":13,"column":31}},"2":{"start":{"line":14,"column":17},"end":{"line":14,"column":36}},"3":{"start":{"line":15,"column":21},"end":{"line":15,"column":63}},"4":{"start":{"line":18,"column":26},"end":{"line":18,"column":91}},"5":{"start":{"line":18,"column":47},"end":{"line":18,"column":90}},"6":{"start":{"line":20,"column":21},"end":{"line":38,"column":3}},"7":{"start":{"line":21,"column":4},"end":{"line":37,"column":16}},"8":{"start":{"line":23,"column":21},"end":{"line":23,"column":52}},"9":{"start":{"line":40,"column":2},"end":{"line":67,"column":4}},"10":{"start":{"line":44,"column":36},"end":{"line":44,"column":59}},"11":{"start":{"line":62,"column":32},"end":{"line":62,"column":39}},"12":{"start":{"line":70,"column":15},"end":{"line":148,"column":2}}},"fnMap":{"0":{"name":"ChatHistoryScreen","decl":{"start":{"line":11,"column":24},"end":{"line":11,"column":41}},"loc":{"start":{"line":11,"column":44},"end":{"line":68,"column":1}},"line":11},"1":{"name":"(anonymous_1)","decl":{"start":{"line":18,"column":42},"end":{"line":18,"column":43}},"loc":{"start":{"line":18,"column":47},"end":{"line":18,"column":90}},"line":18},"2":{"name":"(anonymous_2)","decl":{"start":{"line":20,"column":21},"end":{"line":20,"column":22}},"loc":{"start":{"line":21,"column":4},"end":{"line":37,"column":16}},"line":21},"3":{"name":"(anonymous_3)","decl":{"start":{"line":23,"column":15},"end":{"line":23,"column":16}},"loc":{"start":{"line":23,"column":21},"end":{"line":23,"column":52}},"line":23},"4":{"name":"(anonymous_4)","decl":{"start":{"line":44,"column":30},"end":{"line":44,"column":31}},"loc":{"start":{"line":44,"column":36},"end":{"line":44,"column":59}},"line":44},"5":{"name":"(anonymous_5)","decl":{"start":{"line":62,"column":24},"end":{"line":62,"column":25}},"loc":{"start":{"line":62,"column":32},"end":{"line":62,"column":39}},"line":62}},"branchMap":{"0":{"loc":{"start":{"line":18,"column":47},"end":{"line":18,"column":90}},"type":"binary-expr","locations":[{"start":{"line":18,"column":47},"end":{"line":18,"column":65}},{"start":{"line":18,"column":69},"end":{"line":18,"column":90}}],"line":18},"1":{"loc":{"start":{"line":30,"column":11},"end":{"line":30,"column":49}},"type":"binary-expr","locations":[{"start":{"line":30,"column":11},"end":{"line":30,"column":27}},{"start":{"line":30,"column":31},"end":{"line":30,"column":49}}],"line":30},"2":{"loc":{"start":{"line":53,"column":7},"end":{"line":65,"column":7}},"type":"cond-expr","locations":[{"start":{"line":54,"column":8},"end":{"line":57,"column":15}},{"start":{"line":59,"column":8},"end":{"line":64,"column":10}}],"line":53}},"s":{"0":0,"1":0,"2":0,"3":0,"4":0,"5":0,"6":0,"7":0,"8":0,"9":0,"10":0,"11":0,"12":0},"f":{"0":0,"1":0,"2":0,"3":0,"4":0,"5":0},"b":{"0":[0,0],"1":[0,0],"2":[0,0]}}
,"C:\\Users\\hp\\Desktop\\FYP\\app\\my-ai-app\\app\\(auth)\\_layout.tsx": {"path":"C:\\Users\\hp\\Desktop\\FYP\\app\\my-ai-app\\app\\(auth)\\_layout.tsx","statementMap":{"0":{"start":{"line":4,"column":2},"end":{"line":4,"column":58}}},"fnMap":{"0":{"name":"AuthLayout","decl":{"start":{"line":3,"column":24},"end":{"line":3,"column":34}},"loc":{"start":{"line":3,"column":37},"end":{"line":5,"column":1}},"line":3}},"branchMap":{},"s":{"0":0},"f":{"0":0},"b":{}}
,"C:\\Users\\hp\\Desktop\\FYP\\app\\my-ai-app\\app\\(auth)\\check-email.tsx": {"path":"C:\\Users\\hp\\Desktop\\FYP\\app\\my-ai-app\\app\\(auth)\\check-email.tsx","statementMap":{"0":{"start":{"line":14,"column":28},"end":{"line":14,"column":49}},"1":{"start":{"line":15,"column":24},"end":{"line":15,"column":35}},"2":{"start":{"line":17,"column":2},"end":{"line":53,"column":4}},"3":{"start":{"line":26,"column":38},"end":{"line":26,"column":51}},"4":{"start":{"line":43,"column":65},"end":{"line":43,"column":86}},"5":{"start":{"line":47,"column":36},"end":{"line":47,"column":67}},"6":{"start":{"line":56,"column":15},"end":{"line":130,"column":2}}},"fnMap":{"0":{"name":"CheckEmailScreen","decl":{"start":{"line":13,"column":24},"end":{"line":13,"column":40}},"loc":{"start":{"line":13,"column":43},"end":{"line":54,"column":1}},"line":13},"1":{"name":"(anonymous_1)","decl":{"start":{"line":26,"column":32},"end":{"line":26,"column":33}},"loc":{"start":{"line":26,"column":38},"end":{"line":26,"column":51}},"line":26},"2":{"name":"(anonymous_2)","decl":{"start":{"line":43,"column":59},"end":{"line":43,"column":60}},"loc":{"start":{"line":43,"column":65},"end":{"line":43,"column":86}},"line":43},"3":{"name":"(anonymous_3)","decl":{"start":{"line":47,"column":30},"end":{"line":47,"column":31}},"loc":{"start":{"line":47,"column":36},"end":{"line":47,"column":67}},"line":47}},"branchMap":{"0":{"loc":{"start":{"line":24,"column":41},"end":{"line":24,"column":81}},"type":"binary-expr","locations":[{"start":{"line":24,"column":41},"end":{"line":24,"column":54}},{"start":{"line":24,"column":58},"end":{"line":24,"column":81}}],"line":24}},"s":{"0":0,"1":0,"2":0,"3":0,"4":0,"5":0,"6":0},"f":{"0":0,"1":0,"2":0,"3":0},"b":{"0":[0,0]}}
[...]
{"line":18,"column":2},"end":{"line":23,"column":4}},"4":{"start":{"line":26,"column":32},"end":{"line":58,"column":1}},"5":{"start":{"line":28,"column":2},"end":{"line":42,"column":3}},"6":{"start":{"line":29,"column":4},"end":{"line":36,"column":7}},"7":{"start":{"line":38,"column":4},"end":{"line":40,"column":5}},"8":{"start":{"line":39,"column":6},"end":{"line":39,"column":81}},"9":{"start":{"line":41,"column":4},"end":{"line":41,"column":61}},"10":{"start":{"line":44,"column":2},"end":{"line":49,"column":3}},"11":{"start":{"line":45,"column":4},"end":{"line":47,"column":5}},"12":{"start":{"line":46,"column":6},"end":{"line":46,"column":87}},"13":{"start":{"line":48,"column":4},"end":{"line":48,"column":81}},"14":{"start":{"line":51,"column":15},"end":{"line":51,"column":36}},"15":{"start":{"line":53,"column":2},"end":{"line":55,"column":3}},"16":{"start":{"line":54,"column":4},"end":{"line":54,"column":98}},"17":{"start":{"line":57,"column":2},"end":{"line":57,"column":20}}},"fnMap":{"0":{"name":"(anonymous_0)","decl":{"start":{"line":11,"column":2},"end":{"line":11,"column":3}},"loc":{"start":{"line":11,"column":55},"end":{"line":14,"column":3}},"line":11},"1":{"name":"(anonymous_1)","decl":{"start":{"line":17,"column":36},"end":{"line":17,"column":37}},"loc":{"start":{"line":17,"column":99},"end":{"line":24,"column":1}},"line":17},"2":{"name":"(anonymous_2)","decl":{"start":{"line":26,"column":32},"end":{"line":26,"column":33}},"loc":{"start":{"line":26,"column":96},"end":{"line":58,"column":1}},"line":26}},"branchMap":{"0":{"loc":{"start":{"line":17,"column":54},"end":{"line":17,"column":81}},"type":"default-arg","locations":[{"start":{"line":17,"column":79},"end":{"line":17,"column":81}}],"line":17},"1":{"loc":{"start":{"line":38,"column":4},"end":{"line":40,"column":5}},"type":"if","locations":[{"start":{"line":38,"column":4},"end":{"line":40,"column":5}},{"start":{},"end":{}}],"line":38},"2":{"loc":{"start":{"line":38,"column":8},"end":{"line":38,"column":81}},"type":"binary-expr","locations":[{"start":{"line":38,"column":8},"end":{"line":38,"column":30}},{"start":{"line":38,"column":34},"end":{"line":38,"column":81}}],"line":38},"3":{"loc":{"start":{"line":44,"column":2},"end":{"line":49,"column":3}},"type":"if","locations":[{"start":{"line":44,"column":2},"end":{"line":49,"column":3}},{"start":{},"end":{}}],"line":44},"4":{"loc":{"start":{"line":45,"column":4},"end":{"line":47,"column":5}},"type":"if","locations":[{"start":{"line":45,"column":4},"end":{"line":47,"column":5}},{"start":{},"end":{}}],"line":45},"5":{"loc":{"start":{"line":53,"column":2},"end":{"line":55,"column":3}},"type":"if","locations":[{"start":{"line":53,"column":2},"end":{"line":55,"column":3}},{"start":{},"end":{}}],"line":53},"6":{"loc":{"start":{"line":53,"column":6},"end":{"line":53,"column":88}},"type":"binary-expr","locations":[{"start":{"line":53,"column":6},"end":{"line":53,"column":11}},{"start":{"line":53,"column":15},"end":{"line":53,"column":26}},{"start":{"line":53,"column":30},"end":{"line":53,"column":60}},{"start":{"line":53,"column":64},"end":{"line":53,"column":88}}],"line":53}},"s":{"0":7,"1":7,"2":1,"3":2,"4":1,"5":8,"6":8,"7":2,"8":2,"9":0,"10":6,"11":2,"12":1,"13":1,"14":4,"15":4,"16":3,"17":1},"f":{"0":7,"1":2,"2":8},"b":{"0":[1],"1":[2,0],"2":[2,2],"3":[2,4],"4":[1,1],"5":[3,1],"6":[4,3,2,2]},"_coverageSchema":"1a1c01bbd47fc00a2c39e90264f33305004495a9","hash":"3cf142d5ea5a69d0e0cceeeb67a1c128d8285262"}
,"C:\\Users\\hp\\Desktop\\FYP\\app\\my-ai-app\\lib\\services\\ecgAnalysisApi.ts": {"path":"C:\\Users\\hp\\Desktop\\FYP\\app\\my-ai-app\\lib\\services\\ecgAnalysisApi.ts","statementMap":{"0":{"start":{"line":40,"column":2},"end":{"line":40,"column":83}},"1":{"start":{"line":43,"column":2},"end":{"line":43,"column":70}},"2":{"start":{"line":45,"column":29},"end":{"line":45,"column":44}},"3":{"start":{"line":46,"column":28},"end":{"line":51,"column":2}},"4":{"start":{"line":54,"column":2},"end":{"line":54,"column":42}},"5":{"start":{"line":58,"column":23},"end":{"line":58,"column":44}},"6":{"start":{"line":59,"column":2},"end":{"line":68,"column":3}},"7":{"start":{"line":67,"column":4},"end":{"line":67,"column":36}},"8":{"start":{"line":69,"column":2},"end":{"line":69,"column":17}},"9":{"start":{"line":73,"column":2},"end":{"line":82,"column":3}},"10":{"start":{"line":74,"column":17},"end":{"line":74,"column":38}},"11":{"start":{"line":75,"column":23},"end":{"line":75,"column":70}},"12":{"start":{"line":76,"column":4},"end":{"line":76,"column":81}},"13":{"start":{"line":78,"column":4},"end":{"line":80,"column":5}},"14":{"start":{"line":79,"column":6},"end":{"line":79,"column":49}},"15":{"start":{"line":81,"column":4},"end":{"line":81,"column":46}},"16":{"start":{"line":95,"column":2},"end":{"line":97,"column":3}},"17":{"start":{"line":96,"column":4},"end":{"line":96,"column":76}},"18":{"start":{"line":99,"column":19},"end":{"line":99,"column":33}},"19":{"start":{"line":100,"column":2},"end":{"line":100,"column":50}},"20":{"start":{"line":103,"column":2},"end":{"line":110,"column":3}},"21":{"start":{"line":104,"column":4},"end":{"line":107,"column":7}},"22":{"start":{"line":109,"column":4},"end":{"line":109,"column":46}},"23":{"start":{"line":112,"column":2},"end":{"line":114,"column":3}},"24":{"start":{"line":113,"column":4},"end":{"line":113,"column":40}},"25":{"start":{"line":116,"column":2},"end":{"line":116,"column":25}},"26":{"start":{"line":123,"column":2},"end":{"line":133,"column":3}},"27":{"start":{"line":124,"column":4},"end":{"line":130,"column":7}},"28":{"start":{"line":132,"column":4},"end":{"line":132,"column":46}},"29":{"start":{"line":135,"column":2},"end":{"line":137,"column":3}},"30":{"start":{"line":136,"column":4},"end":{"line":136,"column":40}},"31":{"start":{"line":139,"column":2},"end":{"line":139,"column":25}},"32":{"start":{"line":147,"column":19},"end":{"line":147,"column":33}},"33":{"start":{"line":148,"column":2},"end":{"line":148,"column":50}},"34":{"start":{"line":149,"column":2},"end":{"line":149,"column":36}},"35":{"start":{"line":150,"column":2},"end":{"line":152,"column":3}},"36":{"start":{"line":151,"column":4},"end":{"line":151,"column":40}},"37":{"start":{"line":155,"column":2},"end":{"line":162,"column":3}},"38":{"start":{"line":156,"column":4},"end":{"line":159,"column":7}},"39":{"start":{"line":161,"column":4},"end":{"line":161,"column":46}},"40":{"start":{"line":164,"column":2},"end":{"line":166,"column":3}},"41":{"start":{"line":165,"column":4},"end":{"line":165,"column":40}},"42":{"start":{"line":168,"column":2},"end":{"line":168,"column":63}},"43":{"start":{"line":177,"column":2},"end":{"line":191,"column":3}},"44":{"start":{"line":178,"column":4},"end":{"line":188,"column":7}},"45":{"start":{"line":190,"column":4},"end":{"line":190,"column":46}},"46":{"start":{"line":193,"column":2},"end":{"line":195,"column":3}},"47":{"start":{"line":194,"column":4},"end":{"line":194,"column":40}},"48":{"start":{"line":197,"column":2},"end":{"line":197,"column":53}},"49":{"start":{"line":202,"column":2},"end":{"line":208,"column":3}},"50":{"start":{"line":203,"column":4},"end":{"line":205,"column":7}},"51":{"start":{"line":207,"column":4},"end":{"line":207,"column":46}},"52":{"start":{"line":210,"column":2},"end":{"line":212,"column":3}},"53":{"start":{"line":211,"column":4},"end":{"line":211,"column":52}},"54":{"start":{"line":214,"column":2},"end":{"line":214,"column":59}},"55":{"start":{"line":218,"column":19},"end":{"line":220,"column":37}},"56":{"start":{"line":219,"column":45},"end":{"line":219,"column":56}},"57":{"start":{"line":222,"column":2},"end":{"line":222,"column":211}}},"fnMap":{"0":{"name":"isLifelineUnavailableStatus","decl":{"start":{"line":53,"column":9},"end":{"line":53,"column":36}},"loc":{"start":{"line":53,"column":62},"end":{"line":55,"column":1}},"line":53},"1":{"name":"normalizeLifelineErrorMessage","decl":{"start":{"line":57,"column":9},"end":{"line":57,"column":38}},"loc":{"start":{"line":57,"column":81},"end":{"line":70,"column":1}},"line":57},"2":{"name":"parseApiError","decl":{"start":{"line":72,"column":15},"end":{"line":72,"column":28}},"loc":{"start":{"line":72,"column":65},"end":{"line":83,"column":1}},"line":72},"3":{"name":"analyzeEcgFile","decl":{"start":{"line":91,"column":22},"end":{"line":91,"column":36}},"loc":{"start":{"line":94,"column":31},"end":{"line":117,"column":1}},"line":94},"4":{"name":"analyzeEcgUrl","decl":{"start":{"line":119,"column":22},"end":{"line":119,"column":35}},"loc":{"start":{"line":121,"column":31},"end":{"line":140,"column":1}},"line":121},"5":{"name":"analyzeEcgFileDynamic","decl":{"start":{"line":142,"column":22},"end":{"line":142,"column":43}},"loc":{"start":{"line":146,"column":38},"end":{"line":169,"column":1}},"line":146},"6":{"name":"chatEcgWithContext","decl":{"start":{"line":171,"column":22},"end":{"line":171,"column":40}},"loc":{"start":{"line":175,"column":28},"end":{"line":198,"column":1}},"line":175},"7":{"name":"checkFastApiHealth","decl":{"start":{"line":200,"column":22},"end":{"line":200,"column":40}},"loc":{"start":{"line":200,"column":75},"end":{"line":215,"column":1}},"line":200},"8":{"name":"formatEcgAssistantMessage","decl":{"start":{"line":217,"column":16},"end":{"line":217,"column":41}},"loc":{"start":{"line":217,"column":78},"end":{"line":223,"column":1}},"line":217},"9":{"name":"(anonymous_9)","decl":{"start":{"line":219,"column":35},"end":{"line":219,"column":36}},"loc":{"start":{"line":219,"column":45},"end":{"line":219,"column":56}},"line":219}},"branchMap":{"0":{"loc":{"start":{"line":43,"column":2},"end":{"line":43,"column":70}},"type":"binary-expr","locations":[{"start":{"line":43,"column":2},"end":{"line":43,"column":37}},{"start":{"line":43,"column":41},"end":{"line":43,"column":70}}],"line":43},"1":{"loc":{"start":{"line":54,"column":9},"end":{"line":54,"column":41}},"type":"binary-expr","locations":[{"start":{"line":54,"column":9},"end":{"line":54,"column":23}},{"start":{"line":54,"column":27},"end":{"line":54,"column":41}}],"line":54},"2":{"loc":{"start":{"line":59,"column":2},"end":{"line":68,"column":3}},"type":"if","locations":[{"start":{"line":59,"column":2},"end":{"line":68,"column":3}},{"start":{},"end":{}}],"line":59},"3":{"loc":{"start":{"line":60,"column":4},"end":{"line":65,"column":36}},"type":"binary-expr","locations":[{"start":{"line":60,"column":4},"end":{"line":60,"column":44}},{"start":{"line":61,"column":4},"end":{"line":61,"column":48}},{"start":{"line":62,"column":4},"end":{"line":62,"column":52}},{"start":{"line":63,"column":4},"end":{"line":63,"column":42}},{"start":{"line":64,"column":4},"end":{"line":64,"column":44}},{"start":{"line":65,"column":4},"end":{"line":65,"column":36}}],"line":60},"4":{"loc":{"start":{"line":60,"column":32},"end":{"line":60,"column":43}},"type":"binary-expr","locations":[{"start":{"line":60,"column":32},"end":{"line":60,"column":38}},{"start":{"line":60,"column":42},"end":{"line":60,"column":43}}],"line":60},"5":{"loc":{"start":{"line":75,"column":23},"end":{"line":75,"column":70}},"type":"binary-expr","locations":[{"start":{"line":75,"column":23},"end":{"line":75,"column":43}},{"start":{"line":75,"column":47},"end":{"line":75,"column":70}}],"line":75},"6":{"loc":{"start":{"line":78,"column":4},"end":{"line":80,"column":5}},"type":"if","locations":[{"start":{"line":78,"column":4},"end":{"line":80,"column":5}},{"start":{},"end":{}}],"line":78},"7":{"loc":{"start":{"line":93,"column":2},"end":{"line":93,"column":37}},"type":"default-arg","locations":[{"start":{"line":93,"column":35},"end":{"line":93,"column":37}}],"line":93},"8":{"loc":{"start":{"line":95,"column":2},"end":{"line":97,"column":3}},"type":"if","locations":[{"start":{"line":95,"column":2},"end":{"line":97,"column":3}},{"start":{},"end":{}}],"line":95},"9":{"loc":{"start":{"line":112,"column":2},"end":{"line":114,"column":3}},"type":"if","locations":[{"start":{"line":112,"column":2},"end":{"line":114,"column":3}},{"start":{},"end":{}}],"line":112},"10":{"loc":{"start":{"line":135,"column":2},"end":{"line":137,"column":3}},"type":"if","locations":[{"start":{"line":135,"column":2},"end":{"line":137,"column":3}},{"start":{},"end":{}}],"line":135},"11":{"loc":{"start":{"line":150,"column":2},"end":{"line":152,"column":3}},"type":"if","locations":[{"start":{"line":150,"column":2},"end":{"line":152,"column":3}},{"start":{},"end":{}}],"line":150},"12":{"loc":{"start":{"line":164,"column":2},"end":{"line":166,"column":3}},"type":"if","locations":[{"start":{"line":164,"column":2},"end":{"line":166,"column":3}},{"start":{},"end":{}}],"line":164},"13":{"loc":{"start":{"line":193,"column":2},"end":{"line":195,"column":3}},"type":"if","locations":[{"start":{"line":193,"column":2},"end":{"line":195,"column":3}},{"start":{},"end":{}}],"line":193},"14":{"loc":{"start":{"line":210,"column":2},"end":{"line":212,"column":3}},"type":"if","locations":[{"start":{"line":210,"column":2},"end":{"line":212,"column":3}},{"start":{},"end":{}}],"line":210},"15":{"loc":{"start":{"line":218,"column":19},"end":{"line":220,"column":37}},"type":"cond-expr","locations":[{"start":{"line":219,"column":6},"end":{"line":219,"column":68}},{"start":{"line":220,"column":6},"end":{"line":220,"column":37}}],"line":218}},"s":{"0":0,"1":0,"2":0,"3":0,"4":0,"5":0,"6":0,"7":0,"8":0,"9":0,"10":0,"11":0,"12":0,"13":0,"14":0,"15":0,"16":0,"17":0,"18":0,"19":0,"20":0,"21":0,"22":0,"23":0,"24":0,"25":0,"26":0,"27":0,"28":0,"29":0,"30":0,"31":0,"32":0,"33":0,"34":0,"35":0,"36":0,"37":0,"38":0,"39":0,"40":0,"41":0,"42":0,"43":0,"44":0,"45":0,"46":0,"47":0,"48":0,"49":0,"50":0,"51":0,"52":0,"53":0,"54":0,"55":0,"56":0,"57":0},"f":{"0":0,"1":0,"2":0,"3":0,"4":0,"5":0,"6":0,"7":0,"8":0,"9":0},"b":{"0":[0,0],"1":[0,0],"2":[0,0],"3":[0,0,0,0,0,0],"4":[0,0],"5":[0,0],"6":[0,0],"7":[0],"8":[0,0],"9":[0,0],"10":[0,0],"11":[0,0],"12":[0,0],"13":[0,0],"14":[0,0],"15":[0,0]}}
,"C:\\Users\\hp\\Desktop\\FYP\\app\\my-ai-app\\lib\\services\\lifelineApiKeyService.ts": {"path":"C:\\Users\\hp\\Desktop\\FYP\\app\\my-ai-app\\lib\\services\\lifelineApiKeyService.ts","statementMap":{"0":{"start":{"line":6,"column":2},"end":{"line":6,"column":70}},"1":{"start":{"line":14,"column":2},"end":{"line":14,"column":83}},"2":{"start":{"line":17,"column":2},"end":{"line":17,"column":42}},"3":{"start":{"line":21,"column":16},"end":{"line":21,"column":37}},"4":{"start":{"line":22,"column":2},"end":{"line":31,"column":3}},"5":{"start":{"line":30,"column":4},"end":{"line":30,"column":36}},"6":{"start":{"line":32,"column":2},"end":{"line":32,"column":17}},"7":{"start":{"line":37,"column":2},"end":{"line":43,"column":3}},"8":{"start":{"line":38,"column":4},"end":{"line":40,"column":7}},"9":{"start":{"line":42,"column":4},"end":{"line":42,"column":46}},"10":{"start":{"line":45,"column":2},"end":{"line":56,"column":3}},"11":{"start":{"line":46,"column":4},"end":{"line":55,"column":5}},"12":{"start":{"line":47,"column":19},"end":{"line":47,"column":40}},"13":{"start":{"line":48,"column":25},"end":{"line":48,"column":77}},"14":{"start":{"line":49,"column":6},"end":{"line":49,"column":80}},"15":{"start":{"line":51,"column":6},"end":{"line":53,"column":7}},"16":{"start":{"line":52,"column":8},"end":{"line":52,"column":50}},"17":{"start":{"line":54,"column":6},"end":{"line":54,"column":52}},"18":{"start":{"line":58,"column":15},"end":{"line":58,"column":72}},"19":{"start":{"line":59,"column":2},"end":{"line":61,"column":3}},"20":{"start":{"line":60,"column":4},"end":{"line":60,"column":55}},"21":{"start":{"line":63,"column":2},"end":{"line":63,"column":22}},"22":{"start":{"line":67,"column":2},"end":{"line":67,"column":34}},"23":{"start":{"line":75,"column":2},"end":{"line":83,"column":4}},"24":{"start":{"line":87,"column":19},"end":{"line":87,"column":51}},"25":{"start":{"line":88,"column":15},"end":{"line":88,"column":30}},"26":{"start":{"line":89,"column":17},"end":{"line":89,"column":29}},"27":{"start":{"line":90,"column":2},"end":{"line":90,"column":50}}},"fnMap":{"0":{"name":"isLifelineUnavailableStatus","decl":{"start":{"line":16,"column":9},"end":{"line":16,"column":36}},"loc":{"start":{"line":16,"column":62},"end":{"line":18,"column":1}},"line":16},"1":{"name":"normalizeApiKeyErrorMessage","decl":{"start":{"line":20,"column":9},"end":{"line":20,"column":36}},"loc":{"start":{"line":20,"column":79},"end":{"line":33,"column":1}},"line":20},"2":{"name":"generateLifelineApiKey","decl":{"start":{"line":35,"column":22},"end":{"line":35,"column":44}},"loc":{"start":{"line":35,"column":64},"end":{"line":64,"column":1}},"line":35},"3":{"name":"userDocRef","decl":{"start":{"line":66,"column":9},"end":{"line":66,"column":19}},"loc":{"start":{"line":66,"column":36},"end":{"line":68,"column":1}},"line":66},"4":{"name":"saveUserApiKey","decl":{"start":{"line":70,"column":22},"end":{"line":70,"column":36}},"loc":{"start":{"line":74,"column":17},"end":{"line":84,"column":1}},"line":74},"5":{"name":"loadUserApiKey","decl":{"start":{"line":86,"column":22},"end":{"line":86,"column":36}},"loc":{"start":{"line":86,"column":70},"end":{"line":91,"column":1}},"line":86}},"branchMap":{"0":{"loc":{"start":{"line":6,"column":2},"end":{"line":6,"column":70}},"type":"binary-expr","locations":[{"start":{"line":6,"column":2},"end":{"line":6,"column":37}},{"start":{"line":6,"column":41},"end":{"line":6,"column":70}}],"line":6},"1":{"loc":{"start":{"line":17,"column":9},"end":{"line":17,"column":41}},"type":"binary-expr","locations":[{"start":{"line":17,"column":9},"end":{"line":17,"column":23}},{"start":{"line":17,"column":27},"end":{"line":17,"column":41}}],"line":17},"2":{"loc":{"start":{"line":22,"column":2},"end":{"line":31,"column":3}},"type":"if","locations":[{"start":{"line":22,"column":2},"end":{"line":31,"column":3}},{"start":{},"end":{}}],"line":22},"3":{"loc":{"start":{"line":23,"column":4},"end":{"line":28,"column":29}},"type":"binary-expr","locations":[{"start":{"line":23,"column":4},"end":{"line":23,"column":44}},{"start":{"line":24,"column":4},"end":{"line":24,"column":41}},{"start":{"line":25,"column":4},"end":{"line":25,"column":45}},{"start":{"line":26,"column":4},"end":{"line":26,"column":37}},{"start":{"line":27,"column":4},"end":{"line":27,"column":35}},{"start":{"line":28,"column":4},"end":{"line":28,"column":29}}],"line":23},"4":{"loc":{"start":{"line":23,"column":32},"end":{"line":23,"column":43}},"type":"binary-expr","locations":[{"start":{"line":23,"column":32},"end":{"line":23,"column":38}},{"start":{"line":23,"column":42},"end":{"line":23,"column":43}}],"line":23},"5":{"loc":{"start":{"line":45,"column":2},"end":{"line":56,"column":3}},"type":"if","locations":[{"start":{"line":45,"column":2},"end":{"line":56,"column":3}},{"start":{},"end":{}}],"line":45},"6":{"loc":{"start":{"line":48,"column":25},"end":{"line":48,"column":77}},"type":"binary-expr","locations":[{"start":{"line":48,"column":25},"end":{"line":48,"column":45}},{"start":{"line":48,"column":49},"end":{"line":48,"column":77}}],"line":48},"7":{"loc":{"start":{"line":51,"column":6},"end":{"line":53,"column":7}},"type":"if","locations":[{"start":{"line":51,"column":6},"end":{"line":53,"column":7}},{"start":{},"end":{}}],"line":51},"8":{"loc":{"start":{"line":59,"column":2},"end":{"line":61,"column":3}},"type":"if","locations":[{"start":{"line":59,"column":2},"end":{"line":61,"column":3}},{"start":{},"end":{}}],"line":59},"9":{"loc":{"start":{"line":90,"column":9},"end":{"line":90,"column":49}},"type":"cond-expr","locations":[{"start":{"line":90,"column":38},"end":{"line":90,"column":44}},{"start":{"line":90,"column":47},"end":{"line":90,"column":49}}],"line":90}},"s":{"0":0,"1":0,"2":0,"3":0,"4":0,"5":0,"6":0,"7":0,"8":0,"9":0,"10":0,"11":0,"12":0,"13":0,"14":0,"15":0,"16":0,"17":0,"18":0,"19":0,"20":0,"21":0,"22":0,"23":0,"24":0,"25":0,"26":0,"27":0},"f":{"0":0,"1":0,"2":0,"3":0,"4":0,"5":0},"b":{"0":[0,0],"1":[0,0],"2":[0,0],"3":[0,0,0,0,0,0],"4":[0,0],"5":[0,0],"6":[0,0],"7":[0,0],"8":[0,0],"9":[0,0]}}
}
