TN:
SF:app\_layout.tsx
FN:7,RootLayoutNav
FN:12,(anonymous_1)
FN:36,RootLayout
FNF:3
FNH:0
FNDA:0,RootLayoutNav
FNDA:0,(anonymous_1)
FNDA:0,RootLayout
DA:8,0
DA:9,0
DA:10,0
DA:12,0
DA:13,0
DA:15,0
DA:17,0
DA:20,0
DA:21,0
DA:23,0
DA:27,0
DA:37,0
LF:12
LH:0
BRDA:13,0,0,0
BRDA:13,0,1,0
BRDA:17,1,0,0
BRDA:17,1,1,0
BRDA:17,2,0,0
BRDA:17,2,1,0
BRDA:21,3,0,0
BRDA:21,3,1,0
BRDA:21,4,0,0
BRDA:21,4,1,0
BRF:10
BRH:0
end_of_record
TN:
SF:app\index.tsx
FN:16,LandingScreen
FN:21,(anonymous_1)
FN:49,(anonymous_2)
FN:56,(anonymous_3)
FN:68,DesktopLanding
FN:96,(anonymous_5)
FN:103,(anonymous_6)
FN:110,(anonymous_7)
FN:126,(anonymous_8)
FN:143,(anonymous_9)
FNF:10
FNH:4
FNDA:5,LandingScreen
FNDA:5,(anonymous_1)
FNDA:1,(anonymous_2)
FNDA:1,(anonymous_3)
FNDA:0,DesktopLanding
FNDA:0,(anonymous_5)
FNDA:0,(anonymous_6)
FNDA:0,(anonymous_7)
FNDA:0,(anonymous_8)
FNDA:0,(anonymous_9)
DA:17,5
DA:18,5
DA:19,5
DA:21,5
DA:22,5
DA:23,1
DA:27,5
DA:29,4
DA:30,4
DA:49,1
DA:56,1
DA:65,0
DA:69,0
DA:71,0
DA:96,0
DA:103,0
DA:110,0
DA:126,0
DA:143,0
DA:157,1
LF:20
LH:12
BRDA:22,0,0,1
BRDA:22,0,1,4
BRDA:22,1,0,5
BRDA:22,1,1,4
BRDA:27,2,0,1
BRDA:27,2,1,4
BRDA:29,3,0,4
BRDA:29,3,1,0
BRF:8
BRH:7
end_of_record
TN:
SF:app\(app)\_layout.tsx
FN:6,AppLayout
FN:12,(anonymous_1)
FNF:2
FNH:0
FNDA:0,AppLayout
FNDA:0,(anonymous_1)
DA:7,0
DA:9,0
DA:12,0
DA:112,0
LF:4
LH:0
BRF:0
BRH:0
end_of_record
TN:
SF:app\(app)\analyze.tsx
FN:15,AnalyzeScreen
FN:23,(anonymous_1)
FN:36,(anonymous_2)
FN:48,(anonymous_3)
FN:53,(anonymous_4)
FN:55,(anonymous_5)
FN:56,(anonymous_6)
FN:65,(anonymous_7)
FN:69,(anonymous_8)
FN:82,(anonymous_9)
FN:133,(anonymous_10)
FN:172,(anonymous_11)
FN:212,(anonymous_12)
FNF:13
FNH:0
FNDA:0,AnalyzeScreen
FNDA:0,(anonymous_1)
FNDA:0,(anonymous_2)
FNDA:0,(anonymous_3)
FNDA:0,(anonymous_4)
FNDA:0,(anonymous_5)
FNDA:0,(anonymous_6)
FNDA:0,(anonymous_7)
FNDA:0,(anonymous_8)
FNDA:0,(anonymous_9)
FNDA:0,(anonymous_10)
FNDA:0,(anonymous_11)
FNDA:0,(anonymous_12)
DA:11,0
DA:16,0
DA:17,0
DA:18,0
DA:19,0
DA:20,0
DA:21,0
DA:23,0
DA:24,0
DA:30,0
DA:31,0
DA:32,0
DA:36,0
DA:37,0
DA:42,0
DA:43,0
DA:44,0
DA:48,0
DA:49,0
DA:50,0
DA:53,0
DA:54,0
DA:55,0
DA:56,0
DA:57,0
DA:58,0
DA:59,0
DA:60,0
DA:62,0
DA:65,0
DA:69,0
DA:70,0
DA:72,0
DA:73,0
DA:75,0
DA:77,0
DA:83,0
DA:88,0
DA:104,0
DA:106,0
DA:108,0
DA:124,0
DA:128,0
DA:133,0
DA:172,0
DA:212,0
DA:242,0
LF:47
LH:0
BRDA:30,0,0,0
BRDA:30,0,1,0
BRDA:42,1,0,0
BRDA:42,1,1,0
BRDA:54,2,0,0
BRDA:54,2,1,0
BRDA:57,3,0,0
BRDA:57,3,1,0
BRDA:70,4,0,0
BRDA:70,4,1,0
BRDA:143,5,0,0
BRDA:143,5,1,0
BRDA:169,6,0,0
BRDA:169,6,1,0
BRDA:169,6,2,0
BRDA:197,7,0,0
BRDA:197,7,1,0
BRDA:207,8,0,0
BRDA:207,8,1,0
BRDA:207,8,2,0
BRDA:223,9,0,0
BRDA:223,9,1,0
BRF:22
BRH:0
end_of_record
TN:
SF:app\(app)\contact.tsx
FN:8,ContactScreen
FN:12,(anonymous_1)
FN:20,(anonymous_2)
FNF:3
FNH:0
FNDA:0,ContactScreen
FNDA:0,(anonymous_1)
FNDA:0,(anonymous_2)
DA:9,0
DA:10,0
DA:12,0
DA:13,0
DA:16,0
DA:20,0
DA:53,0
LF:7
LH:0
BRF:0
BRH:0
end_of_record
TN:
SF:app\(app)\index.tsx
FN:12,HomeScreen
FN:26,(anonymous_1)
FN:28,(anonymous_2)
FN:33,(anonymous_3)
FN:39,(anonymous_4)
FN:46,(anonymous_5)
FN:53,(anonymous_6)
FN:58,(anonymous_7)
FN:74,(anonymous_8)
FN:82,(anonymous_9)
FN:130,(anonymous_10)
FN:134,(anonymous_11)
FN:137,(anonymous_12)
FN:162,(anonymous_13)
FN:164,(anonymous_14)
FN:181,(anonymous_15)
FN:193,(anonymous_16)
FN:210,(anonymous_17)
FNF:18
FNH:0
FNDA:0,HomeScreen
FNDA:0,(anonymous_1)
FNDA:0,(anonymous_2)
FNDA:0,(anonymous_3)
FNDA:0,(anonymous_4)
FNDA:0,(anonymous_5)
FNDA:0,(anonymous_6)
FNDA:0,(anonymous_7)
FNDA:0,(anonymous_8)
FNDA:0,(anonymous_9)
FNDA:0,(anonymous_10)
FNDA:0,(anonymous_11)
FNDA:0,(anonymous_12)
FNDA:0,(anonymous_13)
FNDA:0,(anonymous_14)
FNDA:0,(anonymous_15)
FNDA:0,(anonymous_16)
FNDA:0,(anonymous_17)
DA:13,0
DA:14,0
DA:15,0
DA:16,0
DA:17,0
DA:20,0
DA:21,0
DA:22,0
DA:23,0
DA:26,0
DA:28,0
DA:29,0
DA:30,0
DA:33,0
DA:34,0
DA:35,0
DA:36,0
DA:39,0
DA:40,0
DA:41,0
DA:42,0
DA:46,0
DA:47,0
DA:48,0
DA:53,0
DA:58,0
DA:59,0
DA:60,0
DA:63,0
DA:65,0
DA:74,0
DA:82,0
DA:131,0
DA:135,0
DA:137,0
DA:162,0
DA:164,0
DA:181,0
DA:193,0
DA:210,0
DA:224,0
LF:41
LH:0
BRDA:26,0,0,0
BRDA:26,0,1,0
BRDA:35,1,0,0
BRDA:35,1,1,0
BRDA:40,2,0,0
BRDA:40,2,1,0
BRDA:40,3,0,0
BRDA:40,3,1,0
BRDA:63,4,0,0
BRDA:63,4,1,0
BRDA:63,4,2,0
BRDA:124,5,0,0
BRDA:124,5,1,0
BRDA:145,6,0,0
BRDA:145,6,1,0
BRDA:196,7,0,0
BRDA:196,7,1,0
BRF:17
BRH:0
end_of_record
TN:
SF:app\(app)\insights.tsx
FN:10,InsightsScreen
FN:16,(anonymous_1)
FN:22,(anonymous_2)
FNF:3
FNH:0
FNDA:0,InsightsScreen
FNDA:0,(anonymous_1)
FNDA:0,(anonymous_2)
DA:11,0
DA:12,0
DA:13,0
DA:14,0
DA:16,0
DA:18,0
DA:22,0
DA:67,0
LF:8
LH:0
BRF:0
BRH:0
end_of_record
TN:
SF:app\(app)\language.tsx
FN:8,LanguageScreen
FN:21,(anonymous_1)
FN:29,(anonymous_2)
FN:32,(anonymous_3)
FN:36,(anonymous_4)
FNF:5
FNH:0
FNDA:0,LanguageScreen
FNDA:0,(anonymous_1)
FNDA:0,(anonymous_2)
FNDA:0,(anonymous_3)
FNDA:0,(anonymous_4)
DA:9,0
DA:10,0
DA:11,0
DA:13,0
DA:18,0
DA:21,0
DA:30,0
DA:33,0
DA:36,0
DA:56,0
LF:10
LH:0
BRDA:41,0,0,0
BRDA:41,0,1,0
BRDA:43,1,0,0
BRDA:43,1,1,0
BRF:4
BRH:0
end_of_record
TN:
SF:app\(app)\notifications.tsx
FN:8,NotificationsScreen
FN:22,(anonymous_1)
FN:23,(anonymous_2)
FN:39,(anonymous_3)
FN:47,(anonymous_4)
FN:54,(anonymous_5)
FNF:6
FNH:0
FNDA:0,NotificationsScreen
FNDA:0,(anonymous_1)
FNDA:0,(anonymous_2)
FNDA:0,(anonymous_3)
FNDA:0,(anonymous_4)
FNDA:0,(anonymous_5)
DA:9,0
DA:10,0
DA:12,0
DA:22,0
DA:23,0
DA:26,0
DA:36,0
DA:39,0
DA:48,0
DA:54,0
DA:64,0
LF:11
LH:0
BRDA:52,0,0,0
BRDA:52,0,1,0
BRF:2
BRH:0
end_of_record
TN:
SF:app\(app)\privacy.tsx
FN:8,PrivacyScreen
FN:16,(anonymous_1)
FNF:2
FNH:0
FNDA:0,PrivacyScreen
FNDA:0,(anonymous_1)
DA:9,0
DA:10,0
DA:12,0
DA:16,0
DA:49,0
LF:5
LH:0
BRF:0
BRH:0
end_of_record
TN:
SF:app\(app)\profile.tsx
FN:15,ProfileScreen
FN:30,(anonymous_1)
FN:48,(anonymous_2)
FN:52,(anonymous_3)
FN:78,(anonymous_4)
FN:86,(anonymous_5)
FN:91,(anonymous_6)
FN:113,(anonymous_7)
FN:125,(anonymous_8)
FN:187,(anonymous_9)
FN:232,(anonymous_10)
FN:234,(anonymous_11)
FN:241,(anonymous_12)
FN:246,(anonymous_13)
FN:258,(anonymous_14)
FN:269,(anonymous_15)
FN:296,(anonymous_16)
FN:312,(anonymous_17)
FN:313,(anonymous_18)
FN:316,(anonymous_19)
FNF:20
FNH:0
FNDA:0,ProfileScreen
FNDA:0,(anonymous_1)
FNDA:0,(anonymous_2)
FNDA:0,(anonymous_3)
FNDA:0,(anonymous_4)
FNDA:0,(anonymous_5)
FNDA:0,(anonymous_6)
FNDA:0,(anonymous_7)
FNDA:0,(anonymous_8)
FNDA:0,(anonymous_9)
FNDA:0,(anonymous_10)
FNDA:0,(anonymous_11)
FNDA:0,(anonymous_12)
FNDA:0,(anonymous_13)
FNDA:0,(anonymous_14)
FNDA:0,(anonymous_15)
FNDA:0,(anonymous_16)
FNDA:0,(anonymous_17)
FNDA:0,(anonymous_18)
FNDA:0,(anonymous_19)
DA:10,0
DA:16,0
DA:17,0
DA:18,0
DA:20,0
DA:21,0
DA:22,0
DA:23,0
DA:24,0
DA:25,0
DA:26,0
DA:27,0
DA:30,0
DA:31,0
DA:32,0
DA:33,0
DA:34,0
DA:39,0
DA:40,0
DA:41,0
DA:44,0
DA:45,0
DA:46,0
DA:48,0
DA:49,0
DA:52,0
DA:53,0
DA:54,0
DA:62,0
DA:63,0
DA:64,0
DA:66,0
DA:69,0
DA:70,0
DA:71,0
DA:74,0
DA:78,0
DA:79,0
DA:80,0
DA:81,0
DA:82,0
DA:86,0
DA:87,0
DA:88,0
DA:91,0
DA:92,0
DA:93,0
DA:94,0
DA:98,0
DA:100,0
DA:102,0
DA:106,0
DA:113,0
DA:125,0
DA:187,0
DA:232,0
DA:234,0
DA:241,0
DA:246,0
DA:258,0
DA:269,0
DA:296,0
DA:312,0
DA:314,0
DA:316,0
DA:330,0
LF:66
LH:0
BRDA:20,0,0,0
BRDA:20,0,1,0
BRDA:22,1,0,0
BRDA:22,1,1,0
BRDA:27,2,0,0
BRDA:27,2,1,0
BRDA:31,3,0,0
BRDA:31,3,1,0
BRDA:32,4,0,0
BRDA:32,4,1,0
BRDA:32,5,0,0
BRDA:32,5,1,0
BRDA:33,6,0,0
BRDA:33,6,1,0
BRDA:33,7,0,0
BRDA:33,7,1,0
BRDA:34,8,0,0
BRDA:34,8,1,0
BRDA:34,9,0,0
BRDA:34,9,1,0
BRDA:63,10,0,0
BRDA:63,10,1,0
BRDA:69,11,0,0
BRDA:69,11,1,0
BRDA:79,12,0,0
BRDA:79,12,1,0
BRDA:96,13,0,0
BRDA:96,13,1,0
BRDA:108,14,0,0
BRDA:108,14,1,0
BRDA:126,15,0,0
BRDA:126,15,1,0
BRDA:189,16,0,0
BRDA:189,16,1,0
BRDA:218,17,0,0
BRDA:218,17,1,0
BRDA:222,18,0,0
BRDA:222,18,1,0
BRDA:251,19,0,0
BRDA:251,19,1,0
BRDA:279,20,0,0
BRDA:279,20,1,0
BRDA:319,21,0,0
BRDA:319,21,1,0
BRF:44
BRH:0
end_of_record
TN:
SF:app\(app)\report.tsx
FN:8,ReportScreen
FN:18,(anonymous_1)
FN:25,(anonymous_2)
FN:34,(anonymous_3)
FN:90,(anonymous_4)
FNF:5
FNH:0
FNDA:0,ReportScreen
FNDA:0,(anonymous_1)
FNDA:0,(anonymous_2)
FNDA:0,(anonymous_3)
FNDA:0,(anonymous_4)
DA:9,0
DA:10,0
DA:12,0
DA:14,0
DA:15,0
DA:18,0
DA:25,0
DA:26,0
DA:27,0
DA:30,0
DA:34,0
DA:91,0
DA:125,0
LF:13
LH:0
BRDA:14,0,0,0
BRDA:14,0,1,0
BRF:2
BRH:0
end_of_record
TN:
SF:app\(app)\security.tsx
FN:8,SecurityScreen
FN:16,(anonymous_1)
FNF:2
FNH:0
FNDA:0,SecurityScreen
FNDA:0,(anonymous_1)
DA:9,0
DA:10,0
DA:12,0
DA:16,0
DA:48,0
LF:5
LH:0
BRF:0
BRH:0
end_of_record
TN:
SF:app\(app)\settings.tsx
FN:9,SettingsScreen
FN:14,(anonymous_1)
FN:23,(anonymous_2)
FN:27,(anonymous_3)
FN:54,(anonymous_4)
FN:64,(anonymous_5)
FN:68,(anonymous_6)
FNF:7
FNH:0
FNDA:0,SettingsScreen
FNDA:0,(anonymous_1)
FNDA:0,(anonymous_2)
FNDA:0,(anonymous_3)
FNDA:0,(anonymous_4)
FNDA:0,(anonymous_5)
FNDA:0,(anonymous_6)
DA:10,0
DA:11,0
DA:12,0
DA:14,0
DA:15,0
DA:24,0
DA:25,0
DA:27,0
DA:28,0
DA:31,0
DA:32,0
DA:40,0
DA:50,0
DA:54,0
DA:65,0
DA:68,0
DA:99,0
LF:17
LH:0
BRDA:43,0,0,0
BRDA:43,0,1,0
BRDA:68,1,0,0
BRDA:68,1,1,0
BRDA:75,2,0,0
BRDA:75,2,1,0
BRF:6
BRH:0
end_of_record
TN:
SF:app\(app)\support.tsx
FN:8,SupportScreen
FN:21,(anonymous_1)
FN:31,(anonymous_2)
FN:40,(anonymous_3)
FNF:4
FNH:0
FNDA:0,SupportScreen
FNDA:0,(anonymous_1)
FNDA:0,(anonymous_2)
FNDA:0,(anonymous_3)
DA:9,0
DA:10,0
DA:12,0
DA:18,0
DA:21,0
DA:32,0
DA:40,0
DA:53,0
LF:8
LH:0
BRF:0
BRH:0
end_of_record
TN:
SF:app\(app)\theme.tsx
FN:8,ThemeScreen
FN:15,(anonymous_1)
FN:25,(anonymous_2)
FN:40,(anonymous_3)
FNF:4
FNH:0
FNDA:0,ThemeScreen
FNDA:0,(anonymous_1)
FNDA:0,(anonymous_2)
FNDA:0,(anonymous_3)
DA:9,0
DA:10,0
DA:12,0
DA:15,0
DA:25,0
DA:40,0
DA:57,0
LF:7
LH:0
BRDA:30,0,0,0
BRDA:30,0,1,0
BRDA:32,1,0,0
BRDA:32,1,1,0
BRDA:45,2,0,0
BRDA:45,2,1,0
BRDA:47,3,0,0
BRDA:47,3,1,0
BRF:8
BRH:0
end_of_record
TN:
SF:app\(app)\chat\[id].tsx
FN:19,ChatScreen
FN:27,(anonymous_1)
FN:33,(anonymous_2)
FN:36,(anonymous_3)
FN:42,(anonymous_4)
FN:59,(anonymous_5)
FN:60,(anonymous_6)
FN:84,(anonymous_7)
FN:95,(anonymous_8)
FN:134,(anonymous_9)
FN:161,(anonymous_10)
FN:174,(anonymous_11)
FN:225,ActivityDots
FNF:13
FNH:10
FNDA:11,ChatScreen
FNDA:5,(anonymous_1)
FNDA:5,(anonymous_2)
FNDA:2,(anonymous_3)
FNDA:2,(anonymous_4)
FNDA:0,(anonymous_5)
FNDA:0,(anonymous_6)
FNDA:1,(anonymous_7)
FNDA:2,(anonymous_8)
FNDA:2,(anonymous_9)
FNDA:0,(anonymous_10)
FNDA:4,(anonymous_11)
FNDA:2,ActivityDots
DA:20,11
DA:21,11
DA:22,11
DA:23,11
DA:24,11
DA:25,11
DA:27,11
DA:28,5
DA:29,5
DA:33,11
DA:35,5
DA:36,2
DA:37,2
DA:42,11
DA:43,2
DA:45,2
DA:46,2
DA:47,2
DA:49,2
DA:51,2
DA:53,2
DA:58,2
DA:59,0
DA:60,0
DA:66,2
DA:68,1
DA:69,1
DA:74,1
DA:75,1
DA:77,1
DA:84,11
DA:85,1
DA:86,1
DA:87,0
DA:89,1
DA:90,0
DA:92,1
DA:95,11
DA:100,2
DA:101,2
DA:102,2
DA:104,2
DA:106,2
DA:107,0
DA:108,0
DA:115,0
DA:120,0
DA:123,2
DA:124,2
DA:131,2
DA:134,11
DA:135,2
DA:136,2
DA:154,11
DA:161,0
DA:174,4
DA:226,2
DA:235,1
LF:58
LH:49
BRDA:28,0,0,5
BRDA:28,0,1,0
BRDA:28,1,0,5
BRDA:28,1,1,5
BRDA:35,2,0,2
BRDA:35,2,1,3
BRDA:43,3,0,0
BRDA:43,3,1,2
BRDA:53,4,0,0
BRDA:53,4,1,2
BRDA:58,5,0,2
BRDA:58,5,1,0
BRDA:59,6,0,0
BRDA:59,6,1,0
BRDA:61,7,0,0
BRDA:61,7,1,0
BRDA:86,8,0,0
BRDA:86,8,1,1
BRDA:86,9,0,1
BRDA:86,9,1,1
BRDA:89,10,0,0
BRDA:89,10,1,1
BRDA:89,11,0,1
BRDA:89,11,1,0
BRDA:107,12,0,0
BRDA:107,12,1,0
BRDA:123,13,0,2
BRDA:123,13,1,0
BRDA:137,14,0,1
BRDA:137,14,1,1
BRDA:138,15,0,2
BRDA:138,15,1,1
BRDA:143,16,0,1
BRDA:143,16,1,1
BRDA:144,17,0,1
BRDA:144,17,1,1
BRDA:145,18,0,1
BRDA:145,18,1,1
BRDA:157,19,0,11
BRDA:157,19,1,0
BRDA:158,20,0,11
BRDA:158,20,1,0
BRDA:173,21,0,11
BRDA:173,21,1,0
BRDA:189,22,0,2
BRDA:189,22,1,9
BRDA:213,23,0,11
BRDA:213,23,1,9
BRF:48
BRH:31
end_of_record
TN:
SF:app\(app)\chat\index.tsx
FN:11,ChatHistoryScreen
FN:18,(anonymous_1)
FN:20,(anonymous_2)
FN:23,(anonymous_3)
FN:44,(anonymous_4)
FN:62,(anonymous_5)
FNF:6
FNH:0
FNDA:0,ChatHistoryScreen
FNDA:0,(anonymous_1)
FNDA:0,(anonymous_2)
FNDA:0,(anonymous_3)
FNDA:0,(anonymous_4)
FNDA:0,(anonymous_5)
DA:12,0
DA:13,0
DA:14,0
DA:15,0
DA:18,0
DA:20,0
DA:21,0
DA:23,0
DA:40,0
DA:44,0
DA:62,0
DA:70,0
LF:12
LH:0
BRDA:18,0,0,0
BRDA:18,0,1,0
BRDA:30,1,0,0
BRDA:30,1,1,0
BRDA:53,2,0,0
BRDA:53,2,1,0
BRF:6
BRH:0
end_of_record
TN:
SF:app\(auth)\_layout.tsx
FN:3,AuthLayout
FNF:1
FNH:0
FNDA:0,AuthLayout
DA:4,0
LF:1
LH:0
BRF:0
BRH:0
end_of_record
TN:
SF:app\(auth)\check-email.tsx
FN:13,CheckEmailScreen
FN:26,(anonymous_1)
FN:43,(anonymous_2)
FN:47,(anonymous_3)
FNF:4
FNH:0
FNDA:0,CheckEmailScreen
FNDA:0,(anonymous_1)
FNDA:0,(anonymous_2)
FNDA:0,(anonymous_3)
DA:14,0
DA:15,0
DA:17,0
DA:26,0
DA:43,0
DA:47,0
DA:56,0
LF:7
LH:0
BRDA:24,0,0,0
BRDA:24,0,1,0
BRF:2
BRH:0
end_of_record
TN:
SF:app\(auth)\forgot-password.tsx
FN:18,ForgotPasswordScreen
FN:24,(anonymous_1)
FN:48,(anonymous_2)
FNF:3
FNH:2
FNDA:4,ForgotPasswordScreen
FNDA:2,(anonymous_1)
FNDA:0,(anonymous_2)
DA:19,4
DA:20,4
DA:22,4
DA:24,4
DA:25,2
DA:26,1
DA:27,1
DA:30,1
DA:31,1
DA:32,1
DA:34,0
DA:38,4
DA:48,0
DA:87,1
LF:14
LH:12
BRDA:25,0,0,1
BRDA:25,0,1,1
BRDA:46,1,0,4
BRDA:46,1,1,0
BRF:4
BRH:3
end_of_record
TN:
SF:app\(auth)\login.tsx
FN:17,LoginScreen
FN:27,(anonymous_1)
FN:37,(anonymous_2)
FN:60,(anonymous_3)
FN:79,(anonymous_4)
FN:112,(anonymous_5)
FN:122,(anonymous_6)
FNF:7
FNH:2
FNDA:9,LoginScreen
FNDA:1,(anonymous_1)
FNDA:0,(anonymous_2)
FNDA:0,(anonymous_3)
FNDA:0,(anonymous_4)
FNDA:0,(anonymous_5)
FNDA:0,(anonymous_6)
DA:18,9
DA:19,9
DA:20,9
DA:21,9
DA:23,9
DA:25,9
DA:27,9
DA:28,1
DA:29,1
DA:30,1
DA:31,0
DA:33,1
DA:37,9
DA:38,0
DA:39,0
DA:40,0
DA:41,0
DA:43,0
DA:47,9
DA:60,0
DA:79,0
DA:112,0
DA:122,0
DA:143,1
LF:24
LH:14
BRDA:58,0,0,9
BRDA:58,0,1,0
BRDA:73,1,0,9
BRDA:73,1,1,1
BRDA:78,2,0,1
BRDA:78,2,1,0
BRF:6
BRH:4
end_of_record
TN:
SF:app\(auth)\reset-success.tsx
FN:12,ResetSuccessScreen
FN:38,(anonymous_1)
FNF:2
FNH:0
FNDA:0,ResetSuccessScreen
FNDA:0,(anonymous_1)
DA:13,0
DA:14,0
DA:16,0
DA:38,0
DA:49,0
LF:5
LH:0
BRDA:22,0,0,0
BRDA:22,0,1,0
BRF:2
BRH:0
end_of_record
TN:
SF:app\(auth)\signup.tsx
FN:17,SignupScreen
FN:28,(anonymous_1)
FN:48,(anonymous_2)
FN:68,(anonymous_3)
FN:133,(anonymous_4)
FNF:5
FNH:2
FNDA:8,SignupScreen
FNDA:2,(anonymous_1)
FNDA:0,(anonymous_2)
FNDA:0,(anonymous_3)
FNDA:0,(anonymous_4)
DA:18,8
DA:19,8
DA:20,8
DA:21,8
DA:22,8
DA:24,8
DA:26,8
DA:28,8
DA:29,2
DA:30,2
DA:31,1
DA:32,1
DA:35,1
DA:36,1
DA:37,1
DA:40,0
DA:41,0
DA:42,0
DA:44,0
DA:48,8
DA:49,0
DA:50,0
DA:51,0
DA:52,0
DA:54,0
DA:58,8
DA:68,0
DA:133,0
DA:154,1
LF:29
LH:18
BRDA:30,0,0,1
BRDA:30,0,1,1
BRDA:30,1,0,2
BRDA:30,1,1,1
BRDA:30,1,2,1
BRDA:35,2,0,1
BRDA:35,2,1,0
BRDA:66,3,0,8
BRDA:66,3,1,0
BRDA:81,4,0,8
BRDA:81,4,1,2
BRF:11
BRH:9
end_of_record
TN:
SF:components\Sidebar.tsx
FN:20,Sidebar
FN:26,(anonymous_1)
FN:40,(anonymous_2)
FN:45,(anonymous_3)
FNF:4
FNH:0
FNDA:0,Sidebar
FNDA:0,(anonymous_1)
FNDA:0,(anonymous_2)
FNDA:0,(anonymous_3)
DA:11,0
DA:21,0
DA:22,0
DA:23,0
DA:24,0
DA:26,0
DA:27,0
DA:30,0
DA:41,0
DA:42,0
DA:45,0
DA:71,0
LF:12
LH:0
BRDA:48,0,0,0
BRDA:48,0,1,0
BRDA:54,1,0,0
BRDA:54,1,1,0
BRDA:59,2,0,0
BRDA:59,2,1,0
BRF:6
BRH:0
end_of_record
TN:
SF:lib\authValidations.ts
FN:1,(anonymous_0)
FN:12,(anonymous_1)
FN:22,(anonymous_2)
FN:37,(anonymous_3)
FN:56,(anonymous_4)
FNF:5
FNH:5
FNDA:9,(anonymous_0)
FNDA:6,(anonymous_1)
FNDA:3,(anonymous_2)
FNDA:3,(anonymous_3)
FNDA:3,(anonymous_4)
DA:1,1
DA:2,9
DA:3,3
DA:5,6
DA:6,6
DA:7,2
DA:9,4
DA:12,1
DA:13,6
DA:14,2
DA:16,4
DA:17,0
DA:19,4
DA:22,1
DA:23,3
DA:25,3
DA:26,3
DA:28,3
DA:29,3
DA:31,3
DA:37,1
DA:38,3
DA:40,3
DA:41,3
DA:43,3
DA:44,3
DA:46,3
DA:47,1
DA:50,3
DA:56,1
DA:57,3
DA:59,3
DA:60,3
DA:62,3
LF:34
LH:33
BRDA:2,0,0,3
BRDA:2,0,1,6
BRDA:2,1,0,9
BRDA:2,1,1,6
BRDA:6,2,0,2
BRDA:6,2,1,4
BRDA:13,3,0,2
BRDA:13,3,1,4
BRDA:13,4,0,6
BRDA:13,4,1,4
BRDA:16,5,0,0
BRDA:16,5,1,4
BRDA:25,6,0,3
BRDA:25,6,1,1
BRDA:26,7,0,2
BRDA:26,7,1,1
BRDA:28,8,0,3
BRDA:28,8,1,1
BRDA:29,9,0,1
BRDA:29,9,1,2
BRDA:40,10,0,3
BRDA:40,10,1,1
BRDA:41,11,0,1
BRDA:41,11,1,2
BRDA:43,12,0,3
BRDA:43,12,1,1
BRDA:44,13,0,1
BRDA:44,13,1,2
BRDA:46,14,0,1
BRDA:46,14,1,2
BRDA:59,15,0,3
BRDA:59,15,1,1
BRDA:60,16,0,2
BRDA:60,16,1,1
BRF:34
BRH:33
end_of_record
TN:
SF:lib\firebase.ts
FNF:0
FNH:0
DA:6,0
DA:16,0
DA:19,0
DA:23,0
DA:25,0
LF:5
LH:0
BRF:0
BRH:0
end_of_record
TN:
SF:lib\types.ts
FNF:0
FNH:0
LF:0
LH:0
BRF:0
BRH:0
end_of_record
TN:
SF:lib\utils.ts
FN:1,formatHeartRate
FN:8,validateEcgData
FN:22,formatTimestamp
FN:41,sanitizeInput
FNF:4
FNH:4
FNDA:4,formatHeartRate
FNDA:4,validateEcgData
FNDA:2,formatTimestamp
FNDA:3,sanitizeInput
DA:2,4
DA:3,2
DA:5,2
DA:9,4
DA:11,2
DA:12,1
DA:15,1
DA:16,0
DA:19,1
DA:23,2
DA:24,2
DA:25,2
DA:26,1
DA:28,1
DA:37,0
DA:42,3
DA:43,2
LF:17
LH:15
BRDA:2,0,0,2
BRDA:2,0,1,2
BRDA:2,1,0,4
BRDA:2,1,1,3
BRDA:9,2,0,2
BRDA:9,2,1,2
BRDA:11,3,0,1
BRDA:11,3,1,1
BRDA:11,4,0,2
BRDA:11,4,1,1
BRDA:15,5,0,0
BRDA:15,5,1,1
BRDA:15,6,0,1
BRDA:15,6,1,1
BRDA:25,7,0,1
BRDA:25,7,1,1
BRDA:42,8,0,1
BRDA:42,8,1,2
BRF:18
BRH:17
end_of_record
TN:
SF:lib\contexts\AuthContext.tsx
FN:38,(anonymous_0)
FN:46,(anonymous_1)
FN:58,(anonymous_2)
FN:62,(anonymous_3)
FN:69,(anonymous_4)
FN:70,(anonymous_5)
FN:78,(anonymous_6)
FN:97,(anonymous_7)
FN:106,(anonymous_8)
FN:116,(anonymous_9)
FN:131,(anonymous_10)
FN:140,(anonymous_11)
FN:155,(anonymous_12)
FN:187,getAuthErrorMessage
FNF:14
FNH:0
FNDA:0,(anonymous_0)
FNDA:0,(anonymous_1)
FNDA:0,(anonymous_2)
FNDA:0,(anonymous_3)
FNDA:0,(anonymous_4)
FNDA:0,(anonymous_5)
FNDA:0,(anonymous_6)
FNDA:0,(anonymous_7)
FNDA:0,(anonymous_8)
FNDA:0,(anonymous_9)
FNDA:0,(anonymous_10)
FNDA:0,(anonymous_11)
FNDA:0,(anonymous_12)
FNDA:0,getAuthErrorMessage
DA:21,0
DA:36,0
DA:38,0
DA:39,0
DA:40,0
DA:41,0
DA:43,0
DA:46,0
DA:47,0
DA:48,0
DA:52,0
DA:58,0
DA:59,0
DA:60,0
DA:61,0
DA:62,0
DA:63,0
DA:69,0
DA:70,0
DA:71,0
DA:72,0
DA:75,0
DA:78,0
DA:79,0
DA:80,0
DA:82,0
DA:83,0
DA:86,0
DA:88,0
DA:89,0
DA:92,0
DA:93,0
DA:97,0
DA:98,0
DA:99,0
DA:101,0
DA:102,0
DA:106,0
DA:107,0
DA:108,0
DA:110,0
DA:112,0
DA:116,0
DA:117,0
DA:118,0
DA:120,0
DA:123,0
DA:126,0
DA:127,0
DA:131,0
DA:132,0
DA:133,0
DA:135,0
DA:136,0
DA:140,0
DA:141,0
DA:142,0
DA:143,0
DA:144,0
DA:146,0
DA:147,0
DA:148,0
DA:150,0
DA:151,0
DA:155,0
DA:156,0
DA:157,0
DA:158,0
DA:160,0
DA:162,0
DA:163,0
DA:167,0
DA:180,0
DA:189,0
DA:190,0
DA:191,0
DA:192,0
DA:193,0
DA:195,0
DA:196,0
DA:197,0
DA:200,0
DA:202,0
DA:204,0
DA:206,0
DA:208,0
DA:210,0
DA:212,0
DA:215,0
DA:217,0
DA:219,0
DA:221,0
DA:223,0
DA:225,0
DA:227,0
LF:95
LH:0
BRDA:40,0,0,0
BRDA:40,0,1,0
BRDA:59,1,0,0
BRDA:59,1,1,0
BRDA:82,2,0,0
BRDA:82,2,1,0
BRDA:82,3,0,0
BRDA:82,3,1,0
BRDA:89,4,0,0
BRDA:89,4,1,0
BRDA:93,5,0,0
BRDA:93,5,1,0
BRDA:102,6,0,0
BRDA:102,6,1,0
BRDA:118,7,0,0
BRDA:118,7,1,0
BRDA:143,8,0,0
BRDA:143,8,1,0
BRDA:157,9,0,0
BRDA:157,9,1,0
BRDA:182,10,0,0
BRDA:182,10,1,0
BRDA:190,11,0,0
BRDA:190,11,1,0
BRDA:190,12,0,0
BRDA:190,12,1,0
BRDA:192,13,0,0
BRDA:192,13,1,0
BRDA:193,14,0,0
BRDA:193,14,1,0
BRDA:195,15,0,0
BRDA:195,15,1,0
BRDA:196,16,0,0
BRDA:196,16,1,0
BRDA:197,17,0,0
BRDA:197,17,1,0
BRDA:200,18,0,0
BRDA:200,18,1,0
BRDA:200,18,2,0
BRDA:200,18,3,0
BRDA:200,18,4,0
BRDA:200,18,5,0
BRDA:200,18,6,0
BRDA:200,18,7,0
BRDA:200,18,8,0
BRDA:200,18,9,0
BRDA:200,18,10,0
BRDA:200,18,11,0
BRDA:200,18,12,0
BRDA:200,18,13,0
BRF:50
BRH:0
end_of_record
TN:
SF:lib\contexts\ChatSessionsContext.tsx
FN:36,safeParseJson
FN:45,makeId
FN:57,newSession
FN:73,ChatSessionsProvider
FN:81,(anonymous_4)
FN:82,init
FN:95,(anonymous_6)
FN:110,(anonymous_7)
FN:113,persist
FN:126,(anonymous_9)
FN:127,(anonymous_10)
FN:130,(anonymous_11)
FN:131,(anonymous_12)
FN:133,(anonymous_13)
FN:138,(anonymous_14)
FN:140,(anonymous_15)
FN:148,(anonymous_16)
FN:149,(anonymous_17)
FN:150,(anonymous_18)
FN:164,(anonymous_19)
FN:165,(anonymous_20)
FN:166,(anonymous_21)
FN:180,(anonymous_22)
FN:181,(anonymous_23)
FN:182,(anonymous_24)
FN:198,(anonymous_25)
FN:199,(anonymous_26)
FN:200,(anonymous_27)
FN:211,(anonymous_28)
FN:212,(anonymous_29)
FN:213,(anonymous_30)
FN:222,(anonymous_31)
FN:257,useChatSessions
FNF:33
FNH:0
FNDA:0,safeParseJson
FNDA:0,makeId
FNDA:0,newSession
FNDA:0,ChatSessionsProvider
FNDA:0,(anonymous_4)
FNDA:0,init
FNDA:0,(anonymous_6)
FNDA:0,(anonymous_7)
FNDA:0,persist
FNDA:0,(anonymous_9)
FNDA:0,(anonymous_10)
FNDA:0,(anonymous_11)
FNDA:0,(anonymous_12)
FNDA:0,(anonymous_13)
FNDA:0,(anonymous_14)
FNDA:0,(anonymous_15)
FNDA:0,(anonymous_16)
FNDA:0,(anonymous_17)
FNDA:0,(anonymous_18)
FNDA:0,(anonymous_19)
FNDA:0,(anonymous_20)
FNDA:0,(anonymous_21)
FNDA:0,(anonymous_22)
FNDA:0,(anonymous_23)
FNDA:0,(anonymous_24)
FNDA:0,(anonymous_25)
FNDA:0,(anonymous_26)
FNDA:0,(anonymous_27)
FNDA:0,(anonymous_28)
FNDA:0,(anonymous_29)
FNDA:0,(anonymous_30)
FNDA:0,(anonymous_31)
FNDA:0,useChatSessions
DA:33,0
DA:34,0
DA:37,0
DA:38,0
DA:39,0
DA:41,0
DA:46,0
DA:47,0
DA:49,0
DA:54,0
DA:58,0
DA:59,0
DA:71,0
DA:74,0
DA:81,0
DA:83,0
DA:84,0
DA:89,0
DA:90,0
DA:95,0
DA:99,0
DA:101,0
DA:102,0
DA:103,0
DA:106,0
DA:110,0
DA:111,0
DA:114,0
DA:115,0
DA:120,0
DA:123,0
DA:126,0
DA:127,0
DA:130,0
DA:131,0
DA:132,0
DA:133,0
DA:134,0
DA:138,0
DA:139,0
DA:140,0
DA:145,0
DA:148,0
DA:149,0
DA:150,0
DA:151,0
DA:152,0
DA:157,0
DA:159,0
DA:163,0
DA:165,0
DA:166,0
DA:167,0
DA:168,0
DA:174,0
DA:180,0
DA:181,0
DA:182,0
DA:183,0
DA:184,0
DA:194,0
DA:198,0
DA:199,0
DA:200,0
DA:202,0
DA:203,0
DA:204,0
DA:206,0
DA:207,0
DA:211,0
DA:212,0
DA:213,0
DA:214,0
DA:215,0
DA:217,0
DA:221,0
DA:222,0
DA:250,0
DA:258,0
DA:259,0
DA:260,0
DA:262,0
LF:82
LH:0
BRDA:37,0,0,0
BRDA:37,0,1,0
BRDA:47,1,0,0
BRDA:47,1,1,0
BRDA:47,2,0,0
BRDA:47,2,1,0
BRDA:90,3,0,0
BRDA:90,3,1,0
BRDA:90,4,0,0
BRDA:90,4,1,0
BRDA:95,5,0,0
BRDA:95,5,1,0
BRDA:95,6,0,0
BRDA:95,6,1,0
BRDA:95,7,0,0
BRDA:95,7,1,0
BRDA:111,8,0,0
BRDA:111,8,1,0
BRDA:127,9,0,0
BRDA:127,9,1,0
BRDA:132,10,0,0
BRDA:132,10,1,0
BRDA:133,11,0,0
BRDA:133,11,1,0
BRDA:151,12,0,0
BRDA:151,12,1,0
BRDA:167,13,0,0
BRDA:167,13,1,0
BRDA:183,14,0,0
BRDA:183,14,1,0
BRDA:202,15,0,0
BRDA:202,15,1,0
BRDA:206,16,0,0
BRDA:206,16,1,0
BRDA:214,17,0,0
BRDA:214,17,1,0
BRDA:259,18,0,0
BRDA:259,18,1,0
BRF:38
BRH:0
end_of_record
TN:
SF:lib\contexts\ThemeContext.tsx
FN:48,ThemeProvider
FN:52,(anonymous_1)
FN:53,loadTheme
FN:64,(anonymous_3)
FN:69,(anonymous_4)
FN:82,useTheme
FNF:6
FNH:0
FNDA:0,ThemeProvider
FNDA:0,(anonymous_1)
FNDA:0,loadTheme
FNDA:0,(anonymous_3)
FNDA:0,(anonymous_4)
FNDA:0,useTheme
DA:17,0
DA:27,0
DA:44,0
DA:46,0
DA:49,0
DA:50,0
DA:52,0
DA:54,0
DA:55,0
DA:56,0
DA:57,0
DA:58,0
DA:61,0
DA:64,0
DA:65,0
DA:66,0
DA:69,0
DA:70,0
DA:73,0
DA:75,0
DA:83,0
DA:84,0
DA:85,0
LF:23
LH:0
BRDA:55,0,0,0
BRDA:55,0,1,0
BRDA:55,1,0,0
BRDA:55,1,1,0
BRDA:57,2,0,0
BRDA:57,2,1,0
BRDA:70,3,0,0
BRDA:70,3,1,0
BRDA:73,4,0,0
BRDA:73,4,1,0
BRDA:84,5,0,0
BRDA:84,5,1,0
BRF:12
BRH:0
end_of_record
TN:
SF:lib\services\chatService.ts
FN:11,(anonymous_0)
FN:17,(anonymous_1)
FN:26,(anonymous_2)
FNF:3
FNH:3
FNDA:7,(anonymous_0)
FNDA:2,(anonymous_1)
FNDA:8,(anonymous_2)
DA:12,7
DA:13,7
DA:17,1
DA:18,2
DA:26,1
DA:28,8
DA:29,8
DA:38,2
DA:39,2
DA:41,0
DA:44,6
DA:45,2
DA:46,1
DA:48,1
DA:51,4
DA:53,4
DA:54,3
DA:57,1
LF:18
LH:17
BRDA:17,0,0,1
BRDA:38,1,0,2
BRDA:38,1,1,0
BRDA:38,2,0,2
BRDA:38,2,1,2
BRDA:44,3,0,2
BRDA:44,3,1,4
BRDA:45,4,0,1
BRDA:45,4,1,1
BRDA:53,5,0,3
BRDA:53,5,1,1
BRDA:53,6,0,4
BRDA:53,6,1,3
BRDA:53,6,2,2
BRDA:53,6,3,2
BRF:15
BRH:14
end_of_record
TN:
SF:lib\services\ecgAnalysisApi.ts
FN:53,isLifelineUnavailableStatus
FN:57,normalizeLifelineErrorMessage
FN:72,parseApiError
FN:91,analyzeEcgFile
FN:119,analyzeEcgUrl
FN:142,analyzeEcgFileDynamic
FN:171,chatEcgWithContext
FN:200,checkFastApiHealth
FN:217,formatEcgAssistantMessage
FN:219,(anonymous_9)
FNF:10
FNH:0
FNDA:0,isLifelineUnavailableStatus
FNDA:0,normalizeLifelineErrorMessage
FNDA:0,parseApiError
FNDA:0,analyzeEcgFile
FNDA:0,analyzeEcgUrl
FNDA:0,analyzeEcgFileDynamic
FNDA:0,chatEcgWithContext
FNDA:0,checkFastApiHealth
FNDA:0,formatEcgAssistantMessage
FNDA:0,(anonymous_9)
DA:40,0
DA:43,0
DA:45,0
DA:46,0
DA:54,0
DA:58,0
DA:59,0
DA:67,0
DA:69,0
DA:73,0
DA:74,0
DA:75,0
DA:76,0
DA:78,0
DA:79,0
DA:81,0
DA:95,0
DA:96,0
DA:99,0
DA:100,0
DA:103,0
DA:104,0
DA:109,0
DA:112,0
DA:113,0
DA:116,0
DA:123,0
DA:124,0
DA:132,0
DA:135,0
DA:136,0
DA:139,0
DA:147,0
DA:148,0
DA:149,0
DA:150,0
DA:151,0
DA:155,0
DA:156,0
DA:161,0
DA:164,0
DA:165,0
DA:168,0
DA:177,0
DA:178,0
DA:190,0
DA:193,0
DA:194,0
DA:197,0
DA:202,0
DA:203,0
DA:207,0
DA:210,0
DA:211,0
DA:214,0
DA:218,0
DA:219,0
DA:222,0
LF:58
LH:0
BRDA:43,0,0,0
BRDA:43,0,1,0
BRDA:54,1,0,0
BRDA:54,1,1,0
BRDA:59,2,0,0
BRDA:59,2,1,0
BRDA:60,3,0,0
BRDA:60,3,1,0
BRDA:60,3,2,0
BRDA:60,3,3,0
BRDA:60,3,4,0
BRDA:60,3,5,0
BRDA:60,4,0,0
BRDA:60,4,1,0
BRDA:75,5,0,0
BRDA:75,5,1,0
BRDA:78,6,0,0
BRDA:78,6,1,0
BRDA:93,7,0,0
BRDA:95,8,0,0
BRDA:95,8,1,0
BRDA:112,9,0,0
BRDA:112,9,1,0
BRDA:135,10,0,0
BRDA:135,10,1,0
BRDA:150,11,0,0
BRDA:150,11,1,0
BRDA:164,12,0,0
BRDA:164,12,1,0
BRDA:193,13,0,0
BRDA:193,13,1,0
BRDA:210,14,0,0
BRDA:210,14,1,0
BRDA:218,15,0,0
BRDA:218,15,1,0
BRF:35
BRH:0
end_of_record
TN:
SF:lib\services\lifelineApiKeyService.ts
FN:16,isLifelineUnavailableStatus
FN:20,normalizeApiKeyErrorMessage
FN:35,generateLifelineApiKey
FN:66,userDocRef
FN:70,saveUserApiKey
FN:86,loadUserApiKey
FNF:6
FNH:0
FNDA:0,isLifelineUnavailableStatus
FNDA:0,normalizeApiKeyErrorMessage
FNDA:0,generateLifelineApiKey
FNDA:0,userDocRef
FNDA:0,saveUserApiKey
FNDA:0,loadUserApiKey
DA:6,0
DA:14,0
DA:17,0
DA:21,0
DA:22,0
DA:30,0
DA:32,0
DA:37,0
DA:38,0
DA:42,0
DA:45,0
DA:46,0
DA:47,0
DA:48,0
DA:49,0
DA:51,0
DA:52,0
DA:54,0
DA:58,0
DA:59,0
DA:60,0
DA:63,0
DA:67,0
DA:75,0
DA:87,0
DA:88,0
DA:89,0
DA:90,0
LF:28
LH:0
BRDA:6,0,0,0
BRDA:6,0,1,0
BRDA:17,1,0,0
BRDA:17,1,1,0
BRDA:22,2,0,0
BRDA:22,2,1,0
BRDA:23,3,0,0
BRDA:23,3,1,0
BRDA:23,3,2,0
BRDA:23,3,3,0
BRDA:23,3,4,0
BRDA:23,3,5,0
BRDA:23,4,0,0
BRDA:23,4,1,0
BRDA:45,5,0,0
BRDA:45,5,1,0
BRDA:48,6,0,0
BRDA:48,6,1,0
BRDA:51,7,0,0
BRDA:51,7,1,0
BRDA:59,8,0,0
BRDA:59,8,1,0
BRDA:90,9,0,0
BRDA:90,9,1,0
BRF:24
BRH:0
end_of_record
